2023-06-13 13:37:19 ERROR DispatcherServlet:502 - Context initialization failed
java.lang.IllegalStateException: Cannot load configuration class: com.increff.pos.spring.SpringConfig
	at org.springframework.context.annotation.ConfigurationClassPostProcessor.enhanceConfigurationClasses(ConfigurationClassPostProcessor.java:403)
	at org.springframework.context.annotation.ConfigurationClassPostProcessor.postProcessBeanFactory(ConfigurationClassPostProcessor.java:249)
	at org.springframework.context.support.PostProcessorRegistrationDelegate.invokeBeanFactoryPostProcessors(PostProcessorRegistrationDelegate.java:281)
	at org.springframework.context.support.PostProcessorRegistrationDelegate.invokeBeanFactoryPostProcessors(PostProcessorRegistrationDelegate.java:125)
	at org.springframework.context.support.AbstractApplicationContext.invokeBeanFactoryPostProcessors(AbstractApplicationContext.java:686)
	at org.springframework.context.support.AbstractApplicationContext.refresh(AbstractApplicationContext.java:524)
	at org.springframework.web.servlet.FrameworkServlet.configureAndRefreshWebApplicationContext(FrameworkServlet.java:668)
	at org.springframework.web.servlet.FrameworkServlet.initWebApplicationContext(FrameworkServlet.java:540)
	at org.springframework.web.servlet.FrameworkServlet.initServletBean(FrameworkServlet.java:494)
	at org.springframework.web.servlet.HttpServletBean.init(HttpServletBean.java:136)
	at javax.servlet.GenericServlet.init(GenericServlet.java:244)
	at org.eclipse.jetty.servlet.ServletHolder.initServlet(ServletHolder.java:599)
	at org.eclipse.jetty.servlet.ServletHolder.initialize(ServletHolder.java:425)
	at org.eclipse.jetty.servlet.ServletHandler.lambda$initialize$0(ServletHandler.java:751)
	at java.base/java.util.stream.SortedOps$SizedRefSortingSink.end(SortedOps.java:357)
	at java.base/java.util.stream.AbstractPipeline.copyInto(AbstractPipeline.java:510)
	at java.base/java.util.stream.AbstractPipeline.wrapAndCopyInto(AbstractPipeline.java:499)
	at java.base/java.util.stream.StreamSpliterators$WrappingSpliterator.forEachRemaining(StreamSpliterators.java:310)
	at java.base/java.util.stream.Streams$ConcatSpliterator.forEachRemaining(Streams.java:735)
	at java.base/java.util.stream.Streams$ConcatSpliterator.forEachRemaining(Streams.java:734)
	at java.base/java.util.stream.ReferencePipeline$Head.forEach(ReferencePipeline.java:762)
	at org.eclipse.jetty.servlet.ServletHandler.initialize(ServletHandler.java:744)
	at org.eclipse.jetty.servlet.ServletContextHandler.startContext(ServletContextHandler.java:361)
	at org.eclipse.jetty.webapp.WebAppContext.startWebapp(WebAppContext.java:1443)
	at org.eclipse.jetty.maven.plugin.JettyWebAppContext.startWebapp(JettyWebAppContext.java:328)
	at org.eclipse.jetty.webapp.WebAppContext.startContext(WebAppContext.java:1407)
	at org.eclipse.jetty.server.handler.ContextHandler.doStart(ContextHandler.java:821)
	at org.eclipse.jetty.servlet.ServletContextHandler.doStart(ServletContextHandler.java:276)
	at org.eclipse.jetty.webapp.WebAppContext.doStart(WebAppContext.java:524)
	at org.eclipse.jetty.maven.plugin.JettyWebAppContext.doStart(JettyWebAppContext.java:397)
	at org.eclipse.jetty.util.component.AbstractLifeCycle.start(AbstractLifeCycle.java:72)
	at org.eclipse.jetty.util.component.ContainerLifeCycle.start(ContainerLifeCycle.java:169)
	at org.eclipse.jetty.util.component.ContainerLifeCycle.doStart(ContainerLifeCycle.java:117)
	at org.eclipse.jetty.server.handler.AbstractHandler.doStart(AbstractHandler.java:106)
	at org.eclipse.jetty.util.component.AbstractLifeCycle.start(AbstractLifeCycle.java:72)
	at org.eclipse.jetty.util.component.ContainerLifeCycle.start(ContainerLifeCycle.java:169)
	at org.eclipse.jetty.util.component.ContainerLifeCycle.doStart(ContainerLifeCycle.java:117)
	at org.eclipse.jetty.server.handler.AbstractHandler.doStart(AbstractHandler.java:106)
	at org.eclipse.jetty.util.component.AbstractLifeCycle.start(AbstractLifeCycle.java:72)
	at org.eclipse.jetty.util.component.ContainerLifeCycle.start(ContainerLifeCycle.java:169)
	at org.eclipse.jetty.server.Server.start(Server.java:407)
	at org.eclipse.jetty.util.component.ContainerLifeCycle.doStart(ContainerLifeCycle.java:110)
	at org.eclipse.jetty.server.handler.AbstractHandler.doStart(AbstractHandler.java:106)
	at org.eclipse.jetty.server.Server.doStart(Server.java:371)
	at org.eclipse.jetty.util.component.AbstractLifeCycle.start(AbstractLifeCycle.java:72)
	at org.eclipse.jetty.maven.plugin.AbstractJettyMojo.startJetty(AbstractJettyMojo.java:449)
	at org.eclipse.jetty.maven.plugin.AbstractJettyMojo.execute(AbstractJettyMojo.java:310)
	at org.eclipse.jetty.maven.plugin.JettyRunMojo.execute(JettyRunMojo.java:155)
	at org.apache.maven.plugin.DefaultBuildPluginManager.executeMojo(DefaultBuildPluginManager.java:126)
	at org.apache.maven.lifecycle.internal.MojoExecutor.doExecute2(MojoExecutor.java:342)
	at org.apache.maven.lifecycle.internal.MojoExecutor.doExecute(MojoExecutor.java:330)
	at org.apache.maven.lifecycle.internal.MojoExecutor.execute(MojoExecutor.java:213)
	at org.apache.maven.lifecycle.internal.MojoExecutor.execute(MojoExecutor.java:175)
	at org.apache.maven.lifecycle.internal.MojoExecutor.access$000(MojoExecutor.java:76)
	at org.apache.maven.lifecycle.internal.MojoExecutor$1.run(MojoExecutor.java:163)
	at org.apache.maven.plugin.DefaultMojosExecutionStrategy.execute(DefaultMojosExecutionStrategy.java:39)
	at org.apache.maven.lifecycle.internal.MojoExecutor.execute(MojoExecutor.java:160)
	at org.apache.maven.lifecycle.internal.LifecycleModuleBuilder.buildProject(LifecycleModuleBuilder.java:105)
	at org.apache.maven.lifecycle.internal.LifecycleModuleBuilder.buildProject(LifecycleModuleBuilder.java:73)
	at org.apache.maven.lifecycle.internal.builder.singlethreaded.SingleThreadedBuilder.build(SingleThreadedBuilder.java:53)
	at org.apache.maven.lifecycle.internal.LifecycleStarter.execute(LifecycleStarter.java:118)
	at org.apache.maven.DefaultMaven.doExecute(DefaultMaven.java:261)
	at org.apache.maven.DefaultMaven.doExecute(DefaultMaven.java:173)
	at org.apache.maven.DefaultMaven.execute(DefaultMaven.java:101)
	at org.apache.maven.cli.MavenCli.execute(MavenCli.java:910)
	at org.apache.maven.cli.MavenCli.doMain(MavenCli.java:283)
	at org.apache.maven.cli.MavenCli.main(MavenCli.java:206)
	at java.base/jdk.internal.reflect.DirectMethodHandleAccessor.invoke(DirectMethodHandleAccessor.java:104)
	at java.base/java.lang.reflect.Method.invoke(Method.java:578)
	at org.codehaus.plexus.classworlds.launcher.Launcher.launchEnhanced(Launcher.java:283)
	at org.codehaus.plexus.classworlds.launcher.Launcher.launch(Launcher.java:226)
	at org.codehaus.plexus.classworlds.launcher.Launcher.mainWithExitCode(Launcher.java:407)
	at org.codehaus.plexus.classworlds.launcher.Launcher.main(Launcher.java:348)
Caused by: java.lang.ExceptionInInitializerError
	at org.springframework.context.annotation.ConfigurationClassEnhancer.newEnhancer(ConfigurationClassEnhancer.java:119)
	at org.springframework.context.annotation.ConfigurationClassEnhancer.enhance(ConfigurationClassEnhancer.java:107)
	at org.springframework.context.annotation.ConfigurationClassPostProcessor.enhanceConfigurationClasses(ConfigurationClassPostProcessor.java:393)
	... 72 more
Caused by: java.lang.IllegalStateException: Unable to load cache item
	at org.springframework.cglib.core.internal.LoadingCache.createEntry(LoadingCache.java:79)
	at org.springframework.cglib.core.internal.LoadingCache.get(LoadingCache.java:34)
	at org.springframework.cglib.core.AbstractClassGenerator$ClassLoaderData.get(AbstractClassGenerator.java:116)
	at org.springframework.cglib.core.AbstractClassGenerator.create(AbstractClassGenerator.java:291)
	at org.springframework.cglib.core.KeyFactory$Generator.create(KeyFactory.java:221)
	at org.springframework.cglib.core.KeyFactory.create(KeyFactory.java:174)
	at org.springframework.cglib.core.KeyFactory.create(KeyFactory.java:153)
	at org.springframework.cglib.proxy.Enhancer.<clinit>(Enhancer.java:73)
	... 75 more
Caused by: java.lang.ExceptionInInitializerError
	at org.springframework.cglib.core.KeyFactory$Generator.generateClass(KeyFactory.java:243)
	at org.springframework.cglib.core.DefaultGeneratorStrategy.generate(DefaultGeneratorStrategy.java:25)
	at org.springframework.cglib.core.AbstractClassGenerator.generate(AbstractClassGenerator.java:329)
	at org.springframework.cglib.core.AbstractClassGenerator$ClassLoaderData$3.apply(AbstractClassGenerator.java:93)
	at org.springframework.cglib.core.AbstractClassGenerator$ClassLoaderData$3.apply(AbstractClassGenerator.java:91)
	at org.springframework.cglib.core.internal.LoadingCache$2.call(LoadingCache.java:54)
	at java.base/java.util.concurrent.FutureTask.run(FutureTask.java:317)
	at org.springframework.cglib.core.internal.LoadingCache.createEntry(LoadingCache.java:61)
	... 82 more
Caused by: java.lang.reflect.InaccessibleObjectException: Unable to make protected final java.lang.Class java.lang.ClassLoader.defineClass(java.lang.String,byte[],int,int,java.security.ProtectionDomain) throws java.lang.ClassFormatError accessible: module java.base does not "opens java.lang" to unnamed module @7858d31d
	at java.base/java.lang.reflect.AccessibleObject.throwInaccessibleObjectException(AccessibleObject.java:387)
	at java.base/java.lang.reflect.AccessibleObject.checkCanSetAccessible(AccessibleObject.java:363)
	at java.base/java.lang.reflect.AccessibleObject.checkCanSetAccessible(AccessibleObject.java:311)
	at java.base/java.lang.reflect.Method.checkCanSetAccessible(Method.java:201)
	at java.base/java.lang.reflect.Method.setAccessible(Method.java:195)
	at org.springframework.cglib.core.ReflectUtils$1.run(ReflectUtils.java:54)
	at java.base/java.security.AccessController.doPrivileged(AccessController.java:319)
	at org.springframework.cglib.core.ReflectUtils.<clinit>(ReflectUtils.java:44)
	... 90 more
2023-06-13 13:54:30 WARN  AnnotationConfigWebApplicationContext:1005 - Exception thrown from LifecycleProcessor on context close
java.lang.IllegalStateException: LifecycleProcessor not initialized - call 'refresh' before invoking lifecycle methods via the context: WebApplicationContext for namespace 'dispatcher-servlet': startup date [Tue Jun 13 13:37:19 IST 2023]; root of context hierarchy
	at org.springframework.context.support.AbstractApplicationContext.getLifecycleProcessor(AbstractApplicationContext.java:417)
	at org.springframework.context.support.AbstractApplicationContext.doClose(AbstractApplicationContext.java:1002)
	at org.springframework.context.support.AbstractApplicationContext.close(AbstractApplicationContext.java:961)
	at org.springframework.web.servlet.FrameworkServlet.destroy(FrameworkServlet.java:829)
	at org.eclipse.jetty.servlet.ServletHolder.destroyInstance(ServletHolder.java:461)
	at org.eclipse.jetty.servlet.ServletHolder$UnavailableServlet.destroy(ServletHolder.java:1260)
	at org.eclipse.jetty.servlet.ServletHolder.destroyInstance(ServletHolder.java:461)
	at org.eclipse.jetty.servlet.ServletHolder.doStop(ServletHolder.java:442)
	at org.eclipse.jetty.util.component.AbstractLifeCycle.stop(AbstractLifeCycle.java:93)
	at org.eclipse.jetty.servlet.ServletHandler.doStop(ServletHandler.java:280)
	at org.eclipse.jetty.util.component.AbstractLifeCycle.stop(AbstractLifeCycle.java:93)
	at org.eclipse.jetty.util.component.ContainerLifeCycle.stop(ContainerLifeCycle.java:180)
	at org.eclipse.jetty.util.component.ContainerLifeCycle.doStop(ContainerLifeCycle.java:201)
	at org.eclipse.jetty.server.handler.AbstractHandler.doStop(AbstractHandler.java:117)
	at org.eclipse.jetty.security.SecurityHandler.doStop(SecurityHandler.java:371)
	at org.eclipse.jetty.security.ConstraintSecurityHandler.doStop(ConstraintSecurityHandler.java:425)
	at org.eclipse.jetty.util.component.AbstractLifeCycle.stop(AbstractLifeCycle.java:93)
	at org.eclipse.jetty.util.component.ContainerLifeCycle.stop(ContainerLifeCycle.java:180)
	at org.eclipse.jetty.util.component.ContainerLifeCycle.doStop(ContainerLifeCycle.java:201)
	at org.eclipse.jetty.server.handler.AbstractHandler.doStop(AbstractHandler.java:117)
	at org.eclipse.jetty.server.session.SessionHandler.doStop(SessionHandler.java:519)
	at org.eclipse.jetty.util.component.AbstractLifeCycle.stop(AbstractLifeCycle.java:93)
	at org.eclipse.jetty.util.component.ContainerLifeCycle.stop(ContainerLifeCycle.java:180)
	at org.eclipse.jetty.util.component.ContainerLifeCycle.doStop(ContainerLifeCycle.java:201)
	at org.eclipse.jetty.server.handler.AbstractHandler.doStop(AbstractHandler.java:117)
	at org.eclipse.jetty.server.handler.ContextHandler.stopContext(ContextHandler.java:915)
	at org.eclipse.jetty.servlet.ServletContextHandler.stopContext(ServletContextHandler.java:368)
	at org.eclipse.jetty.webapp.WebAppContext.stopWebapp(WebAppContext.java:1448)
	at org.eclipse.jetty.maven.plugin.JettyWebAppContext.stopWebapp(JettyWebAppContext.java:342)
	at org.eclipse.jetty.webapp.WebAppContext.stopContext(WebAppContext.java:1413)
	at org.eclipse.jetty.server.handler.ContextHandler.doStop(ContextHandler.java:979)
	at org.eclipse.jetty.servlet.ServletContextHandler.doStop(ServletContextHandler.java:285)
	at org.eclipse.jetty.webapp.WebAppContext.doStop(WebAppContext.java:547)
	at org.eclipse.jetty.maven.plugin.JettyWebAppContext.doStop(JettyWebAppContext.java:433)
	at org.eclipse.jetty.util.component.AbstractLifeCycle.stop(AbstractLifeCycle.java:93)
	at org.eclipse.jetty.util.component.ContainerLifeCycle.stop(ContainerLifeCycle.java:180)
	at org.eclipse.jetty.util.component.ContainerLifeCycle.doStop(ContainerLifeCycle.java:201)
	at org.eclipse.jetty.server.handler.AbstractHandler.doStop(AbstractHandler.java:117)
	at org.eclipse.jetty.util.component.AbstractLifeCycle.stop(AbstractLifeCycle.java:93)
	at org.eclipse.jetty.util.component.ContainerLifeCycle.stop(ContainerLifeCycle.java:180)
	at org.eclipse.jetty.util.component.ContainerLifeCycle.doStop(ContainerLifeCycle.java:201)
	at org.eclipse.jetty.server.handler.AbstractHandler.doStop(AbstractHandler.java:117)
	at org.eclipse.jetty.util.component.AbstractLifeCycle.stop(AbstractLifeCycle.java:93)
	at org.eclipse.jetty.util.component.ContainerLifeCycle.stop(ContainerLifeCycle.java:180)
	at org.eclipse.jetty.util.component.ContainerLifeCycle.doStop(ContainerLifeCycle.java:201)
	at org.eclipse.jetty.server.handler.AbstractHandler.doStop(AbstractHandler.java:117)
	at org.eclipse.jetty.server.Server.doStop(Server.java:454)
	at org.eclipse.jetty.util.component.AbstractLifeCycle.stop(AbstractLifeCycle.java:93)
	at org.eclipse.jetty.util.thread.ShutdownThread.run(ShutdownThread.java:127)
2023-06-13 13:54:49 ERROR DispatcherServlet:502 - Context initialization failed
java.lang.IllegalStateException: Cannot load configuration class: com.increff.pos.spring.SpringConfig
	at org.springframework.context.annotation.ConfigurationClassPostProcessor.enhanceConfigurationClasses(ConfigurationClassPostProcessor.java:403)
	at org.springframework.context.annotation.ConfigurationClassPostProcessor.postProcessBeanFactory(ConfigurationClassPostProcessor.java:249)
	at org.springframework.context.support.PostProcessorRegistrationDelegate.invokeBeanFactoryPostProcessors(PostProcessorRegistrationDelegate.java:281)
	at org.springframework.context.support.PostProcessorRegistrationDelegate.invokeBeanFactoryPostProcessors(PostProcessorRegistrationDelegate.java:125)
	at org.springframework.context.support.AbstractApplicationContext.invokeBeanFactoryPostProcessors(AbstractApplicationContext.java:686)
	at org.springframework.context.support.AbstractApplicationContext.refresh(AbstractApplicationContext.java:524)
	at org.springframework.web.servlet.FrameworkServlet.configureAndRefreshWebApplicationContext(FrameworkServlet.java:668)
	at org.springframework.web.servlet.FrameworkServlet.initWebApplicationContext(FrameworkServlet.java:540)
	at org.springframework.web.servlet.FrameworkServlet.initServletBean(FrameworkServlet.java:494)
	at org.springframework.web.servlet.HttpServletBean.init(HttpServletBean.java:136)
	at javax.servlet.GenericServlet.init(GenericServlet.java:244)
	at org.eclipse.jetty.servlet.ServletHolder.initServlet(ServletHolder.java:599)
	at org.eclipse.jetty.servlet.ServletHolder.initialize(ServletHolder.java:425)
	at org.eclipse.jetty.servlet.ServletHandler.lambda$initialize$0(ServletHandler.java:751)
	at java.base/java.util.stream.SortedOps$SizedRefSortingSink.end(SortedOps.java:357)
	at java.base/java.util.stream.AbstractPipeline.copyInto(AbstractPipeline.java:510)
	at java.base/java.util.stream.AbstractPipeline.wrapAndCopyInto(AbstractPipeline.java:499)
	at java.base/java.util.stream.StreamSpliterators$WrappingSpliterator.forEachRemaining(StreamSpliterators.java:310)
	at java.base/java.util.stream.Streams$ConcatSpliterator.forEachRemaining(Streams.java:735)
	at java.base/java.util.stream.Streams$ConcatSpliterator.forEachRemaining(Streams.java:734)
	at java.base/java.util.stream.ReferencePipeline$Head.forEach(ReferencePipeline.java:762)
	at org.eclipse.jetty.servlet.ServletHandler.initialize(ServletHandler.java:744)
	at org.eclipse.jetty.servlet.ServletContextHandler.startContext(ServletContextHandler.java:361)
	at org.eclipse.jetty.webapp.WebAppContext.startWebapp(WebAppContext.java:1443)
	at org.eclipse.jetty.maven.plugin.JettyWebAppContext.startWebapp(JettyWebAppContext.java:328)
	at org.eclipse.jetty.webapp.WebAppContext.startContext(WebAppContext.java:1407)
	at org.eclipse.jetty.server.handler.ContextHandler.doStart(ContextHandler.java:821)
	at org.eclipse.jetty.servlet.ServletContextHandler.doStart(ServletContextHandler.java:276)
	at org.eclipse.jetty.webapp.WebAppContext.doStart(WebAppContext.java:524)
	at org.eclipse.jetty.maven.plugin.JettyWebAppContext.doStart(JettyWebAppContext.java:397)
	at org.eclipse.jetty.util.component.AbstractLifeCycle.start(AbstractLifeCycle.java:72)
	at org.eclipse.jetty.util.component.ContainerLifeCycle.start(ContainerLifeCycle.java:169)
	at org.eclipse.jetty.util.component.ContainerLifeCycle.doStart(ContainerLifeCycle.java:117)
	at org.eclipse.jetty.server.handler.AbstractHandler.doStart(AbstractHandler.java:106)
	at org.eclipse.jetty.util.component.AbstractLifeCycle.start(AbstractLifeCycle.java:72)
	at org.eclipse.jetty.util.component.ContainerLifeCycle.start(ContainerLifeCycle.java:169)
	at org.eclipse.jetty.util.component.ContainerLifeCycle.doStart(ContainerLifeCycle.java:117)
	at org.eclipse.jetty.server.handler.AbstractHandler.doStart(AbstractHandler.java:106)
	at org.eclipse.jetty.util.component.AbstractLifeCycle.start(AbstractLifeCycle.java:72)
	at org.eclipse.jetty.util.component.ContainerLifeCycle.start(ContainerLifeCycle.java:169)
	at org.eclipse.jetty.server.Server.start(Server.java:407)
	at org.eclipse.jetty.util.component.ContainerLifeCycle.doStart(ContainerLifeCycle.java:110)
	at org.eclipse.jetty.server.handler.AbstractHandler.doStart(AbstractHandler.java:106)
	at org.eclipse.jetty.server.Server.doStart(Server.java:371)
	at org.eclipse.jetty.util.component.AbstractLifeCycle.start(AbstractLifeCycle.java:72)
	at org.eclipse.jetty.maven.plugin.AbstractJettyMojo.startJetty(AbstractJettyMojo.java:449)
	at org.eclipse.jetty.maven.plugin.AbstractJettyMojo.execute(AbstractJettyMojo.java:310)
	at org.eclipse.jetty.maven.plugin.JettyRunMojo.execute(JettyRunMojo.java:155)
	at org.apache.maven.plugin.DefaultBuildPluginManager.executeMojo(DefaultBuildPluginManager.java:126)
	at org.apache.maven.lifecycle.internal.MojoExecutor.doExecute2(MojoExecutor.java:342)
	at org.apache.maven.lifecycle.internal.MojoExecutor.doExecute(MojoExecutor.java:330)
	at org.apache.maven.lifecycle.internal.MojoExecutor.execute(MojoExecutor.java:213)
	at org.apache.maven.lifecycle.internal.MojoExecutor.execute(MojoExecutor.java:175)
	at org.apache.maven.lifecycle.internal.MojoExecutor.access$000(MojoExecutor.java:76)
	at org.apache.maven.lifecycle.internal.MojoExecutor$1.run(MojoExecutor.java:163)
	at org.apache.maven.plugin.DefaultMojosExecutionStrategy.execute(DefaultMojosExecutionStrategy.java:39)
	at org.apache.maven.lifecycle.internal.MojoExecutor.execute(MojoExecutor.java:160)
	at org.apache.maven.lifecycle.internal.LifecycleModuleBuilder.buildProject(LifecycleModuleBuilder.java:105)
	at org.apache.maven.lifecycle.internal.LifecycleModuleBuilder.buildProject(LifecycleModuleBuilder.java:73)
	at org.apache.maven.lifecycle.internal.builder.singlethreaded.SingleThreadedBuilder.build(SingleThreadedBuilder.java:53)
	at org.apache.maven.lifecycle.internal.LifecycleStarter.execute(LifecycleStarter.java:118)
	at org.apache.maven.DefaultMaven.doExecute(DefaultMaven.java:261)
	at org.apache.maven.DefaultMaven.doExecute(DefaultMaven.java:173)
	at org.apache.maven.DefaultMaven.execute(DefaultMaven.java:101)
	at org.apache.maven.cli.MavenCli.execute(MavenCli.java:910)
	at org.apache.maven.cli.MavenCli.doMain(MavenCli.java:283)
	at org.apache.maven.cli.MavenCli.main(MavenCli.java:206)
	at java.base/jdk.internal.reflect.DirectMethodHandleAccessor.invoke(DirectMethodHandleAccessor.java:104)
	at java.base/java.lang.reflect.Method.invoke(Method.java:578)
	at org.codehaus.plexus.classworlds.launcher.Launcher.launchEnhanced(Launcher.java:283)
	at org.codehaus.plexus.classworlds.launcher.Launcher.launch(Launcher.java:226)
	at org.codehaus.plexus.classworlds.launcher.Launcher.mainWithExitCode(Launcher.java:407)
	at org.codehaus.plexus.classworlds.launcher.Launcher.main(Launcher.java:348)
Caused by: java.lang.ExceptionInInitializerError
	at org.springframework.context.annotation.ConfigurationClassEnhancer.newEnhancer(ConfigurationClassEnhancer.java:119)
	at org.springframework.context.annotation.ConfigurationClassEnhancer.enhance(ConfigurationClassEnhancer.java:107)
	at org.springframework.context.annotation.ConfigurationClassPostProcessor.enhanceConfigurationClasses(ConfigurationClassPostProcessor.java:393)
	... 72 more
Caused by: java.lang.IllegalStateException: Unable to load cache item
	at org.springframework.cglib.core.internal.LoadingCache.createEntry(LoadingCache.java:79)
	at org.springframework.cglib.core.internal.LoadingCache.get(LoadingCache.java:34)
	at org.springframework.cglib.core.AbstractClassGenerator$ClassLoaderData.get(AbstractClassGenerator.java:116)
	at org.springframework.cglib.core.AbstractClassGenerator.create(AbstractClassGenerator.java:291)
	at org.springframework.cglib.core.KeyFactory$Generator.create(KeyFactory.java:221)
	at org.springframework.cglib.core.KeyFactory.create(KeyFactory.java:174)
	at org.springframework.cglib.core.KeyFactory.create(KeyFactory.java:153)
	at org.springframework.cglib.proxy.Enhancer.<clinit>(Enhancer.java:73)
	... 75 more
Caused by: java.lang.ExceptionInInitializerError
	at org.springframework.cglib.core.KeyFactory$Generator.generateClass(KeyFactory.java:243)
	at org.springframework.cglib.core.DefaultGeneratorStrategy.generate(DefaultGeneratorStrategy.java:25)
	at org.springframework.cglib.core.AbstractClassGenerator.generate(AbstractClassGenerator.java:329)
	at org.springframework.cglib.core.AbstractClassGenerator$ClassLoaderData$3.apply(AbstractClassGenerator.java:93)
	at org.springframework.cglib.core.AbstractClassGenerator$ClassLoaderData$3.apply(AbstractClassGenerator.java:91)
	at org.springframework.cglib.core.internal.LoadingCache$2.call(LoadingCache.java:54)
	at java.base/java.util.concurrent.FutureTask.run(FutureTask.java:317)
	at org.springframework.cglib.core.internal.LoadingCache.createEntry(LoadingCache.java:61)
	... 82 more
Caused by: java.lang.reflect.InaccessibleObjectException: Unable to make protected final java.lang.Class java.lang.ClassLoader.defineClass(java.lang.String,byte[],int,int,java.security.ProtectionDomain) throws java.lang.ClassFormatError accessible: module java.base does not "opens java.lang" to unnamed module @782e6b40
	at java.base/java.lang.reflect.AccessibleObject.throwInaccessibleObjectException(AccessibleObject.java:387)
	at java.base/java.lang.reflect.AccessibleObject.checkCanSetAccessible(AccessibleObject.java:363)
	at java.base/java.lang.reflect.AccessibleObject.checkCanSetAccessible(AccessibleObject.java:311)
	at java.base/java.lang.reflect.Method.checkCanSetAccessible(Method.java:201)
	at java.base/java.lang.reflect.Method.setAccessible(Method.java:195)
	at org.springframework.cglib.core.ReflectUtils$1.run(ReflectUtils.java:54)
	at java.base/java.security.AccessController.doPrivileged(AccessController.java:319)
	at org.springframework.cglib.core.ReflectUtils.<clinit>(ReflectUtils.java:44)
	... 90 more
2023-06-13 13:55:18 WARN  AnnotationConfigWebApplicationContext:1005 - Exception thrown from LifecycleProcessor on context close
java.lang.IllegalStateException: LifecycleProcessor not initialized - call 'refresh' before invoking lifecycle methods via the context: WebApplicationContext for namespace 'dispatcher-servlet': startup date [Tue Jun 13 13:54:48 IST 2023]; root of context hierarchy
	at org.springframework.context.support.AbstractApplicationContext.getLifecycleProcessor(AbstractApplicationContext.java:417)
	at org.springframework.context.support.AbstractApplicationContext.doClose(AbstractApplicationContext.java:1002)
	at org.springframework.context.support.AbstractApplicationContext.close(AbstractApplicationContext.java:961)
	at org.springframework.web.servlet.FrameworkServlet.destroy(FrameworkServlet.java:829)
	at org.eclipse.jetty.servlet.ServletHolder.destroyInstance(ServletHolder.java:461)
	at org.eclipse.jetty.servlet.ServletHolder$UnavailableServlet.destroy(ServletHolder.java:1260)
	at org.eclipse.jetty.servlet.ServletHolder.destroyInstance(ServletHolder.java:461)
	at org.eclipse.jetty.servlet.ServletHolder.doStop(ServletHolder.java:442)
	at org.eclipse.jetty.util.component.AbstractLifeCycle.stop(AbstractLifeCycle.java:93)
	at org.eclipse.jetty.servlet.ServletHandler.doStop(ServletHandler.java:280)
	at org.eclipse.jetty.util.component.AbstractLifeCycle.stop(AbstractLifeCycle.java:93)
	at org.eclipse.jetty.util.component.ContainerLifeCycle.stop(ContainerLifeCycle.java:180)
	at org.eclipse.jetty.util.component.ContainerLifeCycle.doStop(ContainerLifeCycle.java:201)
	at org.eclipse.jetty.server.handler.AbstractHandler.doStop(AbstractHandler.java:117)
	at org.eclipse.jetty.security.SecurityHandler.doStop(SecurityHandler.java:371)
	at org.eclipse.jetty.security.ConstraintSecurityHandler.doStop(ConstraintSecurityHandler.java:425)
	at org.eclipse.jetty.util.component.AbstractLifeCycle.stop(AbstractLifeCycle.java:93)
	at org.eclipse.jetty.util.component.ContainerLifeCycle.stop(ContainerLifeCycle.java:180)
	at org.eclipse.jetty.util.component.ContainerLifeCycle.doStop(ContainerLifeCycle.java:201)
	at org.eclipse.jetty.server.handler.AbstractHandler.doStop(AbstractHandler.java:117)
	at org.eclipse.jetty.server.session.SessionHandler.doStop(SessionHandler.java:519)
	at org.eclipse.jetty.util.component.AbstractLifeCycle.stop(AbstractLifeCycle.java:93)
	at org.eclipse.jetty.util.component.ContainerLifeCycle.stop(ContainerLifeCycle.java:180)
	at org.eclipse.jetty.util.component.ContainerLifeCycle.doStop(ContainerLifeCycle.java:201)
	at org.eclipse.jetty.server.handler.AbstractHandler.doStop(AbstractHandler.java:117)
	at org.eclipse.jetty.server.handler.ContextHandler.stopContext(ContextHandler.java:915)
	at org.eclipse.jetty.servlet.ServletContextHandler.stopContext(ServletContextHandler.java:368)
	at org.eclipse.jetty.webapp.WebAppContext.stopWebapp(WebAppContext.java:1448)
	at org.eclipse.jetty.maven.plugin.JettyWebAppContext.stopWebapp(JettyWebAppContext.java:342)
	at org.eclipse.jetty.webapp.WebAppContext.stopContext(WebAppContext.java:1413)
	at org.eclipse.jetty.server.handler.ContextHandler.doStop(ContextHandler.java:979)
	at org.eclipse.jetty.servlet.ServletContextHandler.doStop(ServletContextHandler.java:285)
	at org.eclipse.jetty.webapp.WebAppContext.doStop(WebAppContext.java:547)
	at org.eclipse.jetty.maven.plugin.JettyWebAppContext.doStop(JettyWebAppContext.java:433)
	at org.eclipse.jetty.util.component.AbstractLifeCycle.stop(AbstractLifeCycle.java:93)
	at org.eclipse.jetty.util.component.ContainerLifeCycle.stop(ContainerLifeCycle.java:180)
	at org.eclipse.jetty.util.component.ContainerLifeCycle.doStop(ContainerLifeCycle.java:201)
	at org.eclipse.jetty.server.handler.AbstractHandler.doStop(AbstractHandler.java:117)
	at org.eclipse.jetty.util.component.AbstractLifeCycle.stop(AbstractLifeCycle.java:93)
	at org.eclipse.jetty.util.component.ContainerLifeCycle.stop(ContainerLifeCycle.java:180)
	at org.eclipse.jetty.util.component.ContainerLifeCycle.doStop(ContainerLifeCycle.java:201)
	at org.eclipse.jetty.server.handler.AbstractHandler.doStop(AbstractHandler.java:117)
	at org.eclipse.jetty.util.component.AbstractLifeCycle.stop(AbstractLifeCycle.java:93)
	at org.eclipse.jetty.util.component.ContainerLifeCycle.stop(ContainerLifeCycle.java:180)
	at org.eclipse.jetty.util.component.ContainerLifeCycle.doStop(ContainerLifeCycle.java:201)
	at org.eclipse.jetty.server.handler.AbstractHandler.doStop(AbstractHandler.java:117)
	at org.eclipse.jetty.server.Server.doStop(Server.java:454)
	at org.eclipse.jetty.util.component.AbstractLifeCycle.stop(AbstractLifeCycle.java:93)
	at org.eclipse.jetty.util.thread.ShutdownThread.run(ShutdownThread.java:127)
2023-06-13 13:58:32 ERROR DispatcherServlet:502 - Context initialization failed
java.lang.IllegalStateException: Cannot load configuration class: com.increff.pos.spring.SpringConfig
	at org.springframework.context.annotation.ConfigurationClassPostProcessor.enhanceConfigurationClasses(ConfigurationClassPostProcessor.java:403)
	at org.springframework.context.annotation.ConfigurationClassPostProcessor.postProcessBeanFactory(ConfigurationClassPostProcessor.java:249)
	at org.springframework.context.support.PostProcessorRegistrationDelegate.invokeBeanFactoryPostProcessors(PostProcessorRegistrationDelegate.java:281)
	at org.springframework.context.support.PostProcessorRegistrationDelegate.invokeBeanFactoryPostProcessors(PostProcessorRegistrationDelegate.java:125)
	at org.springframework.context.support.AbstractApplicationContext.invokeBeanFactoryPostProcessors(AbstractApplicationContext.java:686)
	at org.springframework.context.support.AbstractApplicationContext.refresh(AbstractApplicationContext.java:524)
	at org.springframework.web.servlet.FrameworkServlet.configureAndRefreshWebApplicationContext(FrameworkServlet.java:668)
	at org.springframework.web.servlet.FrameworkServlet.initWebApplicationContext(FrameworkServlet.java:540)
	at org.springframework.web.servlet.FrameworkServlet.initServletBean(FrameworkServlet.java:494)
	at org.springframework.web.servlet.HttpServletBean.init(HttpServletBean.java:136)
	at javax.servlet.GenericServlet.init(GenericServlet.java:244)
	at org.eclipse.jetty.servlet.ServletHolder.initServlet(ServletHolder.java:599)
	at org.eclipse.jetty.servlet.ServletHolder.initialize(ServletHolder.java:425)
	at org.eclipse.jetty.servlet.ServletHandler.lambda$initialize$0(ServletHandler.java:751)
	at java.base/java.util.stream.SortedOps$SizedRefSortingSink.end(SortedOps.java:357)
	at java.base/java.util.stream.AbstractPipeline.copyInto(AbstractPipeline.java:510)
	at java.base/java.util.stream.AbstractPipeline.wrapAndCopyInto(AbstractPipeline.java:499)
	at java.base/java.util.stream.StreamSpliterators$WrappingSpliterator.forEachRemaining(StreamSpliterators.java:310)
	at java.base/java.util.stream.Streams$ConcatSpliterator.forEachRemaining(Streams.java:735)
	at java.base/java.util.stream.Streams$ConcatSpliterator.forEachRemaining(Streams.java:734)
	at java.base/java.util.stream.ReferencePipeline$Head.forEach(ReferencePipeline.java:762)
	at org.eclipse.jetty.servlet.ServletHandler.initialize(ServletHandler.java:744)
	at org.eclipse.jetty.servlet.ServletContextHandler.startContext(ServletContextHandler.java:361)
	at org.eclipse.jetty.webapp.WebAppContext.startWebapp(WebAppContext.java:1443)
	at org.eclipse.jetty.maven.plugin.JettyWebAppContext.startWebapp(JettyWebAppContext.java:328)
	at org.eclipse.jetty.webapp.WebAppContext.startContext(WebAppContext.java:1407)
	at org.eclipse.jetty.server.handler.ContextHandler.doStart(ContextHandler.java:821)
	at org.eclipse.jetty.servlet.ServletContextHandler.doStart(ServletContextHandler.java:276)
	at org.eclipse.jetty.webapp.WebAppContext.doStart(WebAppContext.java:524)
	at org.eclipse.jetty.maven.plugin.JettyWebAppContext.doStart(JettyWebAppContext.java:397)
	at org.eclipse.jetty.util.component.AbstractLifeCycle.start(AbstractLifeCycle.java:72)
	at org.eclipse.jetty.util.component.ContainerLifeCycle.start(ContainerLifeCycle.java:169)
	at org.eclipse.jetty.util.component.ContainerLifeCycle.doStart(ContainerLifeCycle.java:117)
	at org.eclipse.jetty.server.handler.AbstractHandler.doStart(AbstractHandler.java:106)
	at org.eclipse.jetty.util.component.AbstractLifeCycle.start(AbstractLifeCycle.java:72)
	at org.eclipse.jetty.util.component.ContainerLifeCycle.start(ContainerLifeCycle.java:169)
	at org.eclipse.jetty.util.component.ContainerLifeCycle.doStart(ContainerLifeCycle.java:117)
	at org.eclipse.jetty.server.handler.AbstractHandler.doStart(AbstractHandler.java:106)
	at org.eclipse.jetty.util.component.AbstractLifeCycle.start(AbstractLifeCycle.java:72)
	at org.eclipse.jetty.util.component.ContainerLifeCycle.start(ContainerLifeCycle.java:169)
	at org.eclipse.jetty.server.Server.start(Server.java:407)
	at org.eclipse.jetty.util.component.ContainerLifeCycle.doStart(ContainerLifeCycle.java:110)
	at org.eclipse.jetty.server.handler.AbstractHandler.doStart(AbstractHandler.java:106)
	at org.eclipse.jetty.server.Server.doStart(Server.java:371)
	at org.eclipse.jetty.util.component.AbstractLifeCycle.start(AbstractLifeCycle.java:72)
	at org.eclipse.jetty.maven.plugin.AbstractJettyMojo.startJetty(AbstractJettyMojo.java:449)
	at org.eclipse.jetty.maven.plugin.AbstractJettyMojo.execute(AbstractJettyMojo.java:310)
	at org.eclipse.jetty.maven.plugin.JettyRunMojo.execute(JettyRunMojo.java:155)
	at org.apache.maven.plugin.DefaultBuildPluginManager.executeMojo(DefaultBuildPluginManager.java:126)
	at org.apache.maven.lifecycle.internal.MojoExecutor.doExecute2(MojoExecutor.java:342)
	at org.apache.maven.lifecycle.internal.MojoExecutor.doExecute(MojoExecutor.java:330)
	at org.apache.maven.lifecycle.internal.MojoExecutor.execute(MojoExecutor.java:213)
	at org.apache.maven.lifecycle.internal.MojoExecutor.execute(MojoExecutor.java:175)
	at org.apache.maven.lifecycle.internal.MojoExecutor.access$000(MojoExecutor.java:76)
	at org.apache.maven.lifecycle.internal.MojoExecutor$1.run(MojoExecutor.java:163)
	at org.apache.maven.plugin.DefaultMojosExecutionStrategy.execute(DefaultMojosExecutionStrategy.java:39)
	at org.apache.maven.lifecycle.internal.MojoExecutor.execute(MojoExecutor.java:160)
	at org.apache.maven.lifecycle.internal.LifecycleModuleBuilder.buildProject(LifecycleModuleBuilder.java:105)
	at org.apache.maven.lifecycle.internal.LifecycleModuleBuilder.buildProject(LifecycleModuleBuilder.java:73)
	at org.apache.maven.lifecycle.internal.builder.singlethreaded.SingleThreadedBuilder.build(SingleThreadedBuilder.java:53)
	at org.apache.maven.lifecycle.internal.LifecycleStarter.execute(LifecycleStarter.java:118)
	at org.apache.maven.DefaultMaven.doExecute(DefaultMaven.java:261)
	at org.apache.maven.DefaultMaven.doExecute(DefaultMaven.java:173)
	at org.apache.maven.DefaultMaven.execute(DefaultMaven.java:101)
	at org.apache.maven.cli.MavenCli.execute(MavenCli.java:910)
	at org.apache.maven.cli.MavenCli.doMain(MavenCli.java:283)
	at org.apache.maven.cli.MavenCli.main(MavenCli.java:206)
	at java.base/jdk.internal.reflect.DirectMethodHandleAccessor.invoke(DirectMethodHandleAccessor.java:104)
	at java.base/java.lang.reflect.Method.invoke(Method.java:578)
	at org.codehaus.plexus.classworlds.launcher.Launcher.launchEnhanced(Launcher.java:283)
	at org.codehaus.plexus.classworlds.launcher.Launcher.launch(Launcher.java:226)
	at org.codehaus.plexus.classworlds.launcher.Launcher.mainWithExitCode(Launcher.java:407)
	at org.codehaus.plexus.classworlds.launcher.Launcher.main(Launcher.java:348)
Caused by: java.lang.ExceptionInInitializerError
	at org.springframework.context.annotation.ConfigurationClassEnhancer.newEnhancer(ConfigurationClassEnhancer.java:119)
	at org.springframework.context.annotation.ConfigurationClassEnhancer.enhance(ConfigurationClassEnhancer.java:107)
	at org.springframework.context.annotation.ConfigurationClassPostProcessor.enhanceConfigurationClasses(ConfigurationClassPostProcessor.java:393)
	... 72 more
Caused by: java.lang.IllegalStateException: Unable to load cache item
	at org.springframework.cglib.core.internal.LoadingCache.createEntry(LoadingCache.java:79)
	at org.springframework.cglib.core.internal.LoadingCache.get(LoadingCache.java:34)
	at org.springframework.cglib.core.AbstractClassGenerator$ClassLoaderData.get(AbstractClassGenerator.java:116)
	at org.springframework.cglib.core.AbstractClassGenerator.create(AbstractClassGenerator.java:291)
	at org.springframework.cglib.core.KeyFactory$Generator.create(KeyFactory.java:221)
	at org.springframework.cglib.core.KeyFactory.create(KeyFactory.java:174)
	at org.springframework.cglib.core.KeyFactory.create(KeyFactory.java:153)
	at org.springframework.cglib.proxy.Enhancer.<clinit>(Enhancer.java:73)
	... 75 more
Caused by: java.lang.ExceptionInInitializerError
	at org.springframework.cglib.core.KeyFactory$Generator.generateClass(KeyFactory.java:243)
	at org.springframework.cglib.core.DefaultGeneratorStrategy.generate(DefaultGeneratorStrategy.java:25)
	at org.springframework.cglib.core.AbstractClassGenerator.generate(AbstractClassGenerator.java:329)
	at org.springframework.cglib.core.AbstractClassGenerator$ClassLoaderData$3.apply(AbstractClassGenerator.java:93)
	at org.springframework.cglib.core.AbstractClassGenerator$ClassLoaderData$3.apply(AbstractClassGenerator.java:91)
	at org.springframework.cglib.core.internal.LoadingCache$2.call(LoadingCache.java:54)
	at java.base/java.util.concurrent.FutureTask.run(FutureTask.java:317)
	at org.springframework.cglib.core.internal.LoadingCache.createEntry(LoadingCache.java:61)
	... 82 more
Caused by: java.lang.reflect.InaccessibleObjectException: Unable to make protected final java.lang.Class java.lang.ClassLoader.defineClass(java.lang.String,byte[],int,int,java.security.ProtectionDomain) throws java.lang.ClassFormatError accessible: module java.base does not "opens java.lang" to unnamed module @7858d31d
	at java.base/java.lang.reflect.AccessibleObject.throwInaccessibleObjectException(AccessibleObject.java:387)
	at java.base/java.lang.reflect.AccessibleObject.checkCanSetAccessible(AccessibleObject.java:363)
	at java.base/java.lang.reflect.AccessibleObject.checkCanSetAccessible(AccessibleObject.java:311)
	at java.base/java.lang.reflect.Method.checkCanSetAccessible(Method.java:201)
	at java.base/java.lang.reflect.Method.setAccessible(Method.java:195)
	at org.springframework.cglib.core.ReflectUtils$1.run(ReflectUtils.java:54)
	at java.base/java.security.AccessController.doPrivileged(AccessController.java:319)
	at org.springframework.cglib.core.ReflectUtils.<clinit>(ReflectUtils.java:44)
	... 90 more
2023-06-13 14:13:40 WARN  AnnotationConfigWebApplicationContext:1005 - Exception thrown from LifecycleProcessor on context close
java.lang.IllegalStateException: LifecycleProcessor not initialized - call 'refresh' before invoking lifecycle methods via the context: WebApplicationContext for namespace 'dispatcher-servlet': startup date [Tue Jun 13 13:58:32 IST 2023]; root of context hierarchy
	at org.springframework.context.support.AbstractApplicationContext.getLifecycleProcessor(AbstractApplicationContext.java:417)
	at org.springframework.context.support.AbstractApplicationContext.doClose(AbstractApplicationContext.java:1002)
	at org.springframework.context.support.AbstractApplicationContext.close(AbstractApplicationContext.java:961)
	at org.springframework.web.servlet.FrameworkServlet.destroy(FrameworkServlet.java:829)
	at org.eclipse.jetty.servlet.ServletHolder.destroyInstance(ServletHolder.java:461)
	at org.eclipse.jetty.servlet.ServletHolder$UnavailableServlet.destroy(ServletHolder.java:1260)
	at org.eclipse.jetty.servlet.ServletHolder.destroyInstance(ServletHolder.java:461)
	at org.eclipse.jetty.servlet.ServletHolder.doStop(ServletHolder.java:442)
	at org.eclipse.jetty.util.component.AbstractLifeCycle.stop(AbstractLifeCycle.java:93)
	at org.eclipse.jetty.servlet.ServletHandler.doStop(ServletHandler.java:280)
	at org.eclipse.jetty.util.component.AbstractLifeCycle.stop(AbstractLifeCycle.java:93)
	at org.eclipse.jetty.util.component.ContainerLifeCycle.stop(ContainerLifeCycle.java:180)
	at org.eclipse.jetty.util.component.ContainerLifeCycle.doStop(ContainerLifeCycle.java:201)
	at org.eclipse.jetty.server.handler.AbstractHandler.doStop(AbstractHandler.java:117)
	at org.eclipse.jetty.security.SecurityHandler.doStop(SecurityHandler.java:371)
	at org.eclipse.jetty.security.ConstraintSecurityHandler.doStop(ConstraintSecurityHandler.java:425)
	at org.eclipse.jetty.util.component.AbstractLifeCycle.stop(AbstractLifeCycle.java:93)
	at org.eclipse.jetty.util.component.ContainerLifeCycle.stop(ContainerLifeCycle.java:180)
	at org.eclipse.jetty.util.component.ContainerLifeCycle.doStop(ContainerLifeCycle.java:201)
	at org.eclipse.jetty.server.handler.AbstractHandler.doStop(AbstractHandler.java:117)
	at org.eclipse.jetty.server.session.SessionHandler.doStop(SessionHandler.java:519)
	at org.eclipse.jetty.util.component.AbstractLifeCycle.stop(AbstractLifeCycle.java:93)
	at org.eclipse.jetty.util.component.ContainerLifeCycle.stop(ContainerLifeCycle.java:180)
	at org.eclipse.jetty.util.component.ContainerLifeCycle.doStop(ContainerLifeCycle.java:201)
	at org.eclipse.jetty.server.handler.AbstractHandler.doStop(AbstractHandler.java:117)
	at org.eclipse.jetty.server.handler.ContextHandler.stopContext(ContextHandler.java:915)
	at org.eclipse.jetty.servlet.ServletContextHandler.stopContext(ServletContextHandler.java:368)
	at org.eclipse.jetty.webapp.WebAppContext.stopWebapp(WebAppContext.java:1448)
	at org.eclipse.jetty.maven.plugin.JettyWebAppContext.stopWebapp(JettyWebAppContext.java:342)
	at org.eclipse.jetty.webapp.WebAppContext.stopContext(WebAppContext.java:1413)
	at org.eclipse.jetty.server.handler.ContextHandler.doStop(ContextHandler.java:979)
	at org.eclipse.jetty.servlet.ServletContextHandler.doStop(ServletContextHandler.java:285)
	at org.eclipse.jetty.webapp.WebAppContext.doStop(WebAppContext.java:547)
	at org.eclipse.jetty.maven.plugin.JettyWebAppContext.doStop(JettyWebAppContext.java:433)
	at org.eclipse.jetty.util.component.AbstractLifeCycle.stop(AbstractLifeCycle.java:93)
	at org.eclipse.jetty.util.component.ContainerLifeCycle.stop(ContainerLifeCycle.java:180)
	at org.eclipse.jetty.util.component.ContainerLifeCycle.doStop(ContainerLifeCycle.java:201)
	at org.eclipse.jetty.server.handler.AbstractHandler.doStop(AbstractHandler.java:117)
	at org.eclipse.jetty.util.component.AbstractLifeCycle.stop(AbstractLifeCycle.java:93)
	at org.eclipse.jetty.util.component.ContainerLifeCycle.stop(ContainerLifeCycle.java:180)
	at org.eclipse.jetty.util.component.ContainerLifeCycle.doStop(ContainerLifeCycle.java:201)
	at org.eclipse.jetty.server.handler.AbstractHandler.doStop(AbstractHandler.java:117)
	at org.eclipse.jetty.util.component.AbstractLifeCycle.stop(AbstractLifeCycle.java:93)
	at org.eclipse.jetty.util.component.ContainerLifeCycle.stop(ContainerLifeCycle.java:180)
	at org.eclipse.jetty.util.component.ContainerLifeCycle.doStop(ContainerLifeCycle.java:201)
	at org.eclipse.jetty.server.handler.AbstractHandler.doStop(AbstractHandler.java:117)
	at org.eclipse.jetty.server.Server.doStop(Server.java:454)
	at org.eclipse.jetty.util.component.AbstractLifeCycle.stop(AbstractLifeCycle.java:93)
	at org.eclipse.jetty.util.thread.ShutdownThread.run(ShutdownThread.java:127)
2023-06-13 14:16:06 INFO  SecurityConfig:33 - Configuration complete
2023-06-13 14:23:30 INFO  SecurityConfig:33 - Configuration complete
2023-06-13 14:25:09 INFO  SecurityConfig:33 - Configuration complete
2023-06-13 15:20:46 INFO  SecurityConfig:33 - Configuration complete
2023-06-14 11:01:26 WARN  PageNotFound:1161 - No mapping found for HTTP request with URI [/] in DispatcherServlet with name 'dispatcher'
2023-06-14 11:01:32 WARN  PageNotFound:1161 - No mapping found for HTTP request with URI [/employee/] in DispatcherServlet with name 'dispatcher'
2023-06-14 11:07:10 WARN  PageNotFound:1161 - No mapping found for HTTP request with URI [/employee/] in DispatcherServlet with name 'dispatcher'
2023-06-14 11:07:14 WARN  PageNotFound:1161 - No mapping found for HTTP request with URI [/employee/] in DispatcherServlet with name 'dispatcher'
2023-06-14 11:18:38 WARN  PageNotFound:1161 - No mapping found for HTTP request with URI [/employee/] in DispatcherServlet with name 'dispatcher'
2023-06-14 11:20:15 WARN  PageNotFound:1161 - No mapping found for HTTP request with URI [/employee/] in DispatcherServlet with name 'dispatcher'
2023-06-14 11:20:18 WARN  PageNotFound:1161 - No mapping found for HTTP request with URI [/] in DispatcherServlet with name 'dispatcher'
2023-06-14 11:20:20 WARN  PageNotFound:1161 - No mapping found for HTTP request with URI [/] in DispatcherServlet with name 'dispatcher'
2023-06-14 11:35:18 INFO  SecurityConfig:33 - Configuration complete
2023-06-14 11:35:30 INFO  SecurityConfig:33 - Configuration complete
2023-06-14 12:09:49 INFO  SecurityConfig:33 - Configuration complete
2023-06-14 12:12:40 INFO  SecurityConfig:33 - Configuration complete
2023-06-14 13:24:33 INFO  SecurityConfig:33 - Configuration complete
2023-06-14 15:18:38 ERROR DispatcherServlet:502 - Context initialization failed
java.lang.IllegalStateException: Cannot load configuration class: com.increff.pos.spring.SpringConfig
	at org.springframework.context.annotation.ConfigurationClassPostProcessor.enhanceConfigurationClasses(ConfigurationClassPostProcessor.java:403)
	at org.springframework.context.annotation.ConfigurationClassPostProcessor.postProcessBeanFactory(ConfigurationClassPostProcessor.java:249)
	at org.springframework.context.support.PostProcessorRegistrationDelegate.invokeBeanFactoryPostProcessors(PostProcessorRegistrationDelegate.java:281)
	at org.springframework.context.support.PostProcessorRegistrationDelegate.invokeBeanFactoryPostProcessors(PostProcessorRegistrationDelegate.java:125)
	at org.springframework.context.support.AbstractApplicationContext.invokeBeanFactoryPostProcessors(AbstractApplicationContext.java:686)
	at org.springframework.context.support.AbstractApplicationContext.refresh(AbstractApplicationContext.java:524)
	at org.springframework.web.servlet.FrameworkServlet.configureAndRefreshWebApplicationContext(FrameworkServlet.java:668)
	at org.springframework.web.servlet.FrameworkServlet.initWebApplicationContext(FrameworkServlet.java:540)
	at org.springframework.web.servlet.FrameworkServlet.initServletBean(FrameworkServlet.java:494)
	at org.springframework.web.servlet.HttpServletBean.init(HttpServletBean.java:136)
	at javax.servlet.GenericServlet.init(GenericServlet.java:244)
	at org.eclipse.jetty.servlet.ServletHolder.initServlet(ServletHolder.java:599)
	at org.eclipse.jetty.servlet.ServletHolder.initialize(ServletHolder.java:425)
	at org.eclipse.jetty.servlet.ServletHandler.lambda$initialize$0(ServletHandler.java:751)
	at java.base/java.util.stream.SortedOps$SizedRefSortingSink.end(SortedOps.java:357)
	at java.base/java.util.stream.AbstractPipeline.copyInto(AbstractPipeline.java:510)
	at java.base/java.util.stream.AbstractPipeline.wrapAndCopyInto(AbstractPipeline.java:499)
	at java.base/java.util.stream.StreamSpliterators$WrappingSpliterator.forEachRemaining(StreamSpliterators.java:310)
	at java.base/java.util.stream.Streams$ConcatSpliterator.forEachRemaining(Streams.java:735)
	at java.base/java.util.stream.Streams$ConcatSpliterator.forEachRemaining(Streams.java:734)
	at java.base/java.util.stream.ReferencePipeline$Head.forEach(ReferencePipeline.java:762)
	at org.eclipse.jetty.servlet.ServletHandler.initialize(ServletHandler.java:744)
	at org.eclipse.jetty.servlet.ServletContextHandler.startContext(ServletContextHandler.java:361)
	at org.eclipse.jetty.webapp.WebAppContext.startWebapp(WebAppContext.java:1443)
	at org.eclipse.jetty.maven.plugin.JettyWebAppContext.startWebapp(JettyWebAppContext.java:328)
	at org.eclipse.jetty.webapp.WebAppContext.startContext(WebAppContext.java:1407)
	at org.eclipse.jetty.server.handler.ContextHandler.doStart(ContextHandler.java:821)
	at org.eclipse.jetty.servlet.ServletContextHandler.doStart(ServletContextHandler.java:276)
	at org.eclipse.jetty.webapp.WebAppContext.doStart(WebAppContext.java:524)
	at org.eclipse.jetty.maven.plugin.JettyWebAppContext.doStart(JettyWebAppContext.java:397)
	at org.eclipse.jetty.util.component.AbstractLifeCycle.start(AbstractLifeCycle.java:72)
	at org.eclipse.jetty.util.component.ContainerLifeCycle.start(ContainerLifeCycle.java:169)
	at org.eclipse.jetty.util.component.ContainerLifeCycle.doStart(ContainerLifeCycle.java:117)
	at org.eclipse.jetty.server.handler.AbstractHandler.doStart(AbstractHandler.java:106)
	at org.eclipse.jetty.util.component.AbstractLifeCycle.start(AbstractLifeCycle.java:72)
	at org.eclipse.jetty.util.component.ContainerLifeCycle.start(ContainerLifeCycle.java:169)
	at org.eclipse.jetty.util.component.ContainerLifeCycle.doStart(ContainerLifeCycle.java:117)
	at org.eclipse.jetty.server.handler.AbstractHandler.doStart(AbstractHandler.java:106)
	at org.eclipse.jetty.util.component.AbstractLifeCycle.start(AbstractLifeCycle.java:72)
	at org.eclipse.jetty.util.component.ContainerLifeCycle.start(ContainerLifeCycle.java:169)
	at org.eclipse.jetty.server.Server.start(Server.java:407)
	at org.eclipse.jetty.util.component.ContainerLifeCycle.doStart(ContainerLifeCycle.java:110)
	at org.eclipse.jetty.server.handler.AbstractHandler.doStart(AbstractHandler.java:106)
	at org.eclipse.jetty.server.Server.doStart(Server.java:371)
	at org.eclipse.jetty.util.component.AbstractLifeCycle.start(AbstractLifeCycle.java:72)
	at org.eclipse.jetty.maven.plugin.AbstractJettyMojo.startJetty(AbstractJettyMojo.java:449)
	at org.eclipse.jetty.maven.plugin.AbstractJettyMojo.execute(AbstractJettyMojo.java:310)
	at org.eclipse.jetty.maven.plugin.JettyRunMojo.execute(JettyRunMojo.java:155)
	at org.apache.maven.plugin.DefaultBuildPluginManager.executeMojo(DefaultBuildPluginManager.java:126)
	at org.apache.maven.lifecycle.internal.MojoExecutor.doExecute2(MojoExecutor.java:342)
	at org.apache.maven.lifecycle.internal.MojoExecutor.doExecute(MojoExecutor.java:330)
	at org.apache.maven.lifecycle.internal.MojoExecutor.execute(MojoExecutor.java:213)
	at org.apache.maven.lifecycle.internal.MojoExecutor.execute(MojoExecutor.java:175)
	at org.apache.maven.lifecycle.internal.MojoExecutor.access$000(MojoExecutor.java:76)
	at org.apache.maven.lifecycle.internal.MojoExecutor$1.run(MojoExecutor.java:163)
	at org.apache.maven.plugin.DefaultMojosExecutionStrategy.execute(DefaultMojosExecutionStrategy.java:39)
	at org.apache.maven.lifecycle.internal.MojoExecutor.execute(MojoExecutor.java:160)
	at org.apache.maven.lifecycle.internal.LifecycleModuleBuilder.buildProject(LifecycleModuleBuilder.java:105)
	at org.apache.maven.lifecycle.internal.LifecycleModuleBuilder.buildProject(LifecycleModuleBuilder.java:73)
	at org.apache.maven.lifecycle.internal.builder.singlethreaded.SingleThreadedBuilder.build(SingleThreadedBuilder.java:53)
	at org.apache.maven.lifecycle.internal.LifecycleStarter.execute(LifecycleStarter.java:118)
	at org.apache.maven.DefaultMaven.doExecute(DefaultMaven.java:261)
	at org.apache.maven.DefaultMaven.doExecute(DefaultMaven.java:173)
	at org.apache.maven.DefaultMaven.execute(DefaultMaven.java:101)
	at org.apache.maven.cli.MavenCli.execute(MavenCli.java:910)
	at org.apache.maven.cli.MavenCli.doMain(MavenCli.java:283)
	at org.apache.maven.cli.MavenCli.main(MavenCli.java:206)
	at java.base/jdk.internal.reflect.DirectMethodHandleAccessor.invoke(DirectMethodHandleAccessor.java:104)
	at java.base/java.lang.reflect.Method.invoke(Method.java:578)
	at org.codehaus.plexus.classworlds.launcher.Launcher.launchEnhanced(Launcher.java:283)
	at org.codehaus.plexus.classworlds.launcher.Launcher.launch(Launcher.java:226)
	at org.codehaus.plexus.classworlds.launcher.Launcher.mainWithExitCode(Launcher.java:407)
	at org.codehaus.plexus.classworlds.launcher.Launcher.main(Launcher.java:348)
Caused by: java.lang.ExceptionInInitializerError
	at org.springframework.context.annotation.ConfigurationClassEnhancer.newEnhancer(ConfigurationClassEnhancer.java:119)
	at org.springframework.context.annotation.ConfigurationClassEnhancer.enhance(ConfigurationClassEnhancer.java:107)
	at org.springframework.context.annotation.ConfigurationClassPostProcessor.enhanceConfigurationClasses(ConfigurationClassPostProcessor.java:393)
	... 72 more
Caused by: java.lang.IllegalStateException: Unable to load cache item
	at org.springframework.cglib.core.internal.LoadingCache.createEntry(LoadingCache.java:79)
	at org.springframework.cglib.core.internal.LoadingCache.get(LoadingCache.java:34)
	at org.springframework.cglib.core.AbstractClassGenerator$ClassLoaderData.get(AbstractClassGenerator.java:116)
	at org.springframework.cglib.core.AbstractClassGenerator.create(AbstractClassGenerator.java:291)
	at org.springframework.cglib.core.KeyFactory$Generator.create(KeyFactory.java:221)
	at org.springframework.cglib.core.KeyFactory.create(KeyFactory.java:174)
	at org.springframework.cglib.core.KeyFactory.create(KeyFactory.java:153)
	at org.springframework.cglib.proxy.Enhancer.<clinit>(Enhancer.java:73)
	... 75 more
Caused by: java.lang.ExceptionInInitializerError
	at org.springframework.cglib.core.KeyFactory$Generator.generateClass(KeyFactory.java:243)
	at org.springframework.cglib.core.DefaultGeneratorStrategy.generate(DefaultGeneratorStrategy.java:25)
	at org.springframework.cglib.core.AbstractClassGenerator.generate(AbstractClassGenerator.java:329)
	at org.springframework.cglib.core.AbstractClassGenerator$ClassLoaderData$3.apply(AbstractClassGenerator.java:93)
	at org.springframework.cglib.core.AbstractClassGenerator$ClassLoaderData$3.apply(AbstractClassGenerator.java:91)
	at org.springframework.cglib.core.internal.LoadingCache$2.call(LoadingCache.java:54)
	at java.base/java.util.concurrent.FutureTask.run(FutureTask.java:317)
	at org.springframework.cglib.core.internal.LoadingCache.createEntry(LoadingCache.java:61)
	... 82 more
Caused by: java.lang.reflect.InaccessibleObjectException: Unable to make protected final java.lang.Class java.lang.ClassLoader.defineClass(java.lang.String,byte[],int,int,java.security.ProtectionDomain) throws java.lang.ClassFormatError accessible: module java.base does not "opens java.lang" to unnamed module @7858d31d
	at java.base/java.lang.reflect.AccessibleObject.throwInaccessibleObjectException(AccessibleObject.java:387)
	at java.base/java.lang.reflect.AccessibleObject.checkCanSetAccessible(AccessibleObject.java:363)
	at java.base/java.lang.reflect.AccessibleObject.checkCanSetAccessible(AccessibleObject.java:311)
	at java.base/java.lang.reflect.Method.checkCanSetAccessible(Method.java:201)
	at java.base/java.lang.reflect.Method.setAccessible(Method.java:195)
	at org.springframework.cglib.core.ReflectUtils$1.run(ReflectUtils.java:54)
	at java.base/java.security.AccessController.doPrivileged(AccessController.java:319)
	at org.springframework.cglib.core.ReflectUtils.<clinit>(ReflectUtils.java:44)
	... 90 more
2023-06-14 15:19:57 INFO  SecurityConfig:33 - Configuration complete
2023-06-14 15:20:04 WARN  AnnotationConfigWebApplicationContext:1005 - Exception thrown from LifecycleProcessor on context close
java.lang.IllegalStateException: LifecycleProcessor not initialized - call 'refresh' before invoking lifecycle methods via the context: WebApplicationContext for namespace 'dispatcher-servlet': startup date [Wed Jun 14 15:18:38 IST 2023]; root of context hierarchy
	at org.springframework.context.support.AbstractApplicationContext.getLifecycleProcessor(AbstractApplicationContext.java:417)
	at org.springframework.context.support.AbstractApplicationContext.doClose(AbstractApplicationContext.java:1002)
	at org.springframework.context.support.AbstractApplicationContext.close(AbstractApplicationContext.java:961)
	at org.springframework.web.servlet.FrameworkServlet.destroy(FrameworkServlet.java:829)
	at org.eclipse.jetty.servlet.ServletHolder.destroyInstance(ServletHolder.java:461)
	at org.eclipse.jetty.servlet.ServletHolder$UnavailableServlet.destroy(ServletHolder.java:1260)
	at org.eclipse.jetty.servlet.ServletHolder.destroyInstance(ServletHolder.java:461)
	at org.eclipse.jetty.servlet.ServletHolder.doStop(ServletHolder.java:442)
	at org.eclipse.jetty.util.component.AbstractLifeCycle.stop(AbstractLifeCycle.java:93)
	at org.eclipse.jetty.servlet.ServletHandler.doStop(ServletHandler.java:280)
	at org.eclipse.jetty.util.component.AbstractLifeCycle.stop(AbstractLifeCycle.java:93)
	at org.eclipse.jetty.util.component.ContainerLifeCycle.stop(ContainerLifeCycle.java:180)
	at org.eclipse.jetty.util.component.ContainerLifeCycle.doStop(ContainerLifeCycle.java:201)
	at org.eclipse.jetty.server.handler.AbstractHandler.doStop(AbstractHandler.java:117)
	at org.eclipse.jetty.security.SecurityHandler.doStop(SecurityHandler.java:371)
	at org.eclipse.jetty.security.ConstraintSecurityHandler.doStop(ConstraintSecurityHandler.java:425)
	at org.eclipse.jetty.util.component.AbstractLifeCycle.stop(AbstractLifeCycle.java:93)
	at org.eclipse.jetty.util.component.ContainerLifeCycle.stop(ContainerLifeCycle.java:180)
	at org.eclipse.jetty.util.component.ContainerLifeCycle.doStop(ContainerLifeCycle.java:201)
	at org.eclipse.jetty.server.handler.AbstractHandler.doStop(AbstractHandler.java:117)
	at org.eclipse.jetty.server.session.SessionHandler.doStop(SessionHandler.java:519)
	at org.eclipse.jetty.util.component.AbstractLifeCycle.stop(AbstractLifeCycle.java:93)
	at org.eclipse.jetty.util.component.ContainerLifeCycle.stop(ContainerLifeCycle.java:180)
	at org.eclipse.jetty.util.component.ContainerLifeCycle.doStop(ContainerLifeCycle.java:201)
	at org.eclipse.jetty.server.handler.AbstractHandler.doStop(AbstractHandler.java:117)
	at org.eclipse.jetty.server.handler.ContextHandler.stopContext(ContextHandler.java:915)
	at org.eclipse.jetty.servlet.ServletContextHandler.stopContext(ServletContextHandler.java:368)
	at org.eclipse.jetty.webapp.WebAppContext.stopWebapp(WebAppContext.java:1448)
	at org.eclipse.jetty.maven.plugin.JettyWebAppContext.stopWebapp(JettyWebAppContext.java:342)
	at org.eclipse.jetty.webapp.WebAppContext.stopContext(WebAppContext.java:1413)
	at org.eclipse.jetty.server.handler.ContextHandler.doStop(ContextHandler.java:979)
	at org.eclipse.jetty.servlet.ServletContextHandler.doStop(ServletContextHandler.java:285)
	at org.eclipse.jetty.webapp.WebAppContext.doStop(WebAppContext.java:547)
	at org.eclipse.jetty.maven.plugin.JettyWebAppContext.doStop(JettyWebAppContext.java:433)
	at org.eclipse.jetty.util.component.AbstractLifeCycle.stop(AbstractLifeCycle.java:93)
	at org.eclipse.jetty.maven.plugin.JettyRunMojo.restartWebApp(JettyRunMojo.java:495)
	at org.eclipse.jetty.maven.plugin.JettyRunMojo$1.onPathWatchEvents(JettyRunMojo.java:357)
	at org.eclipse.jetty.util.PathWatcher.notifyEvents(PathWatcher.java:1342)
	at org.eclipse.jetty.util.PathWatcher.run(PathWatcher.java:1169)
	at java.base/java.lang.Thread.run(Thread.java:1623)
2023-06-14 15:20:34 INFO  SecurityConfig:33 - Configuration complete
2023-06-14 15:23:20 INFO  SecurityConfig:33 - Configuration complete
2023-06-14 15:23:40 INFO  SecurityConfig:33 - Configuration complete
2023-06-14 20:01:04 INFO  SecurityConfig:33 - Configuration complete
2023-06-14 20:48:32 INFO  SecurityConfig:33 - Configuration complete
2023-06-14 20:55:12 INFO  SecurityConfig:33 - Configuration complete
2023-06-14 20:55:23 INFO  SecurityConfig:33 - Configuration complete
2023-06-14 20:55:34 INFO  SecurityConfig:33 - Configuration complete
2023-06-14 20:55:53 INFO  SecurityConfig:33 - Configuration complete
2023-06-14 21:02:56 INFO  SecurityConfig:33 - Configuration complete
2023-06-15 08:39:11 INFO  SecurityConfig:33 - Configuration complete
2023-06-15 09:08:42 INFO  SecurityConfig:33 - Configuration complete
2023-06-15 09:35:02 INFO  SecurityConfig:33 - Configuration complete
2023-06-15 09:54:25 INFO  SecurityConfig:33 - Configuration complete
2023-06-15 10:08:16 INFO  SecurityConfig:33 - Configuration complete
2023-06-15 10:25:00 INFO  SecurityConfig:33 - Configuration complete
2023-06-15 10:36:47 INFO  SecurityConfig:33 - Configuration complete
2023-06-15 10:47:51 INFO  SecurityConfig:33 - Configuration complete
2023-06-15 10:49:23 INFO  SecurityConfig:33 - Configuration complete
2023-06-15 10:52:08 INFO  SecurityConfig:33 - Configuration complete
2023-06-15 11:04:43 INFO  SecurityConfig:33 - Configuration complete
2023-06-15 11:07:22 INFO  SecurityConfig:33 - Configuration complete
2023-06-15 11:08:46 INFO  SecurityConfig:33 - Configuration complete
2023-06-15 11:10:46 INFO  SecurityConfig:33 - Configuration complete
2023-06-15 11:12:36 INFO  SecurityConfig:33 - Configuration complete
2023-06-15 11:15:40 INFO  SecurityConfig:33 - Configuration complete
2023-06-15 11:17:17 INFO  SecurityConfig:33 - Configuration complete
2023-06-15 13:35:15 INFO  SecurityConfig:33 - Configuration complete
2023-06-15 13:40:38 INFO  SecurityConfig:33 - Configuration complete
2023-06-15 13:51:37 INFO  SecurityConfig:33 - Configuration complete
2023-06-15 13:57:04 INFO  SecurityConfig:33 - Configuration complete
2023-06-15 14:07:23 INFO  SecurityConfig:33 - Configuration complete
2023-06-15 14:11:11 INFO  SecurityConfig:33 - Configuration complete
2023-06-15 14:15:34 INFO  SecurityConfig:33 - Configuration complete
2023-06-15 14:24:37 INFO  SecurityConfig:33 - Configuration complete
2023-06-15 14:27:44 INFO  SecurityConfig:33 - Configuration complete
2023-06-15 14:28:37 WARN  SqlExceptionHelper:137 - SQL Error: 1062, SQLState: 23000
2023-06-15 14:28:37 ERROR SqlExceptionHelper:142 - Duplicate entry 'nikee-hot shoes' for key 'brandpojo.brand_category_unique'
2023-06-15 14:30:55 WARN  SqlExceptionHelper:137 - SQL Error: 1062, SQLState: 23000
2023-06-15 14:30:55 ERROR SqlExceptionHelper:142 - Duplicate entry 'nikee-hot shoes' for key 'brandpojo.brand_category_unique'
2023-06-15 14:31:09 WARN  SqlExceptionHelper:137 - SQL Error: 1062, SQLState: 23000
2023-06-15 14:31:09 ERROR SqlExceptionHelper:142 - Duplicate entry 'nikee-hot shoes' for key 'brandpojo.brand_category_unique'
2023-06-15 14:31:20 WARN  SqlExceptionHelper:137 - SQL Error: 1062, SQLState: 23000
2023-06-15 14:31:20 ERROR SqlExceptionHelper:142 - Duplicate entry 'nikee-hot shoes2' for key 'brandpojo.brand_category_unique'
2023-06-15 14:31:34 WARN  SqlExceptionHelper:137 - SQL Error: 1062, SQLState: 23000
2023-06-15 14:31:34 ERROR SqlExceptionHelper:142 - Duplicate entry 'nikee-hot shoes' for key 'brandpojo.brand_category_unique'
2023-06-15 14:31:59 WARN  SqlExceptionHelper:137 - SQL Error: 1062, SQLState: 23000
2023-06-15 14:31:59 ERROR SqlExceptionHelper:142 - Duplicate entry 'puma-t-shirts' for key 'brandpojo.brand_category_unique'
2023-06-15 14:33:01 WARN  SqlExceptionHelper:137 - SQL Error: 1062, SQLState: 23000
2023-06-15 14:33:01 ERROR SqlExceptionHelper:142 - Duplicate entry 'puma-t-shirts' for key 'brandpojo.brand_category_unique'
2023-06-15 14:33:15 WARN  SqlExceptionHelper:137 - SQL Error: 1062, SQLState: 23000
2023-06-15 14:33:15 ERROR SqlExceptionHelper:142 - Duplicate entry 'puma-t-shirts' for key 'brandpojo.brand_category_unique'
2023-06-15 14:33:17 WARN  SqlExceptionHelper:137 - SQL Error: 1062, SQLState: 23000
2023-06-15 14:33:17 ERROR SqlExceptionHelper:142 - Duplicate entry 'puma-t-shirts' for key 'brandpojo.brand_category_unique'
2023-06-15 14:33:55 WARN  SqlExceptionHelper:137 - SQL Error: 1062, SQLState: 23000
2023-06-15 14:33:55 ERROR SqlExceptionHelper:142 - Duplicate entry 'puma-t-shirts' for key 'brandpojo.brand_category_unique'
2023-06-15 15:38:16 INFO  SecurityConfig:33 - Configuration complete
2023-06-15 15:39:21 WARN  SqlExceptionHelper:137 - SQL Error: 1062, SQLState: 23000
2023-06-15 15:39:21 ERROR SqlExceptionHelper:142 - Duplicate entry 'nike-sport shoes' for key 'brandpojo.brand_category_unique'
2023-06-15 16:41:37 INFO  SecurityConfig:33 - Configuration complete
2023-06-15 16:49:07 INFO  SecurityConfig:33 - Configuration complete
2023-06-15 16:50:07 WARN  DefaultHandlerExceptionResolver:384 - Failed to read HTTP message: org.springframework.http.converter.HttpMessageNotReadableException: Could not read document: Cannot deserialize value of type `int` from String "nike-shoes": not a valid Integer value
 at [Source: (PushbackInputStream); line: 1, column: 41] (through reference chain: com.increff.pos.model.ProductForm["brand_category_id"]); nested exception is com.fasterxml.jackson.databind.exc.InvalidFormatException: Cannot deserialize value of type `int` from String "nike-shoes": not a valid Integer value
 at [Source: (PushbackInputStream); line: 1, column: 41] (through reference chain: com.increff.pos.model.ProductForm["brand_category_id"])
2023-06-15 16:50:20 WARN  DefaultHandlerExceptionResolver:384 - Failed to read HTTP message: org.springframework.http.converter.HttpMessageNotReadableException: Could not read document: Cannot deserialize value of type `int` from String "nike-shoes": not a valid Integer value
 at [Source: (PushbackInputStream); line: 1, column: 41] (through reference chain: com.increff.pos.model.ProductForm["brand_category_id"]); nested exception is com.fasterxml.jackson.databind.exc.InvalidFormatException: Cannot deserialize value of type `int` from String "nike-shoes": not a valid Integer value
 at [Source: (PushbackInputStream); line: 1, column: 41] (through reference chain: com.increff.pos.model.ProductForm["brand_category_id"])
2023-06-15 16:58:17 INFO  SecurityConfig:33 - Configuration complete
2023-06-15 17:03:50 INFO  SecurityConfig:33 - Configuration complete
2023-06-15 17:05:02 WARN  PageNotFound:215 - Request method 'PUT' not supported
2023-06-16 08:47:19 INFO  SecurityConfig:33 - Configuration complete
2023-06-16 08:52:53 INFO  SecurityConfig:33 - Configuration complete
2023-06-16 09:20:03 INFO  SecurityConfig:33 - Configuration complete
2023-06-16 09:35:53 INFO  SecurityConfig:33 - Configuration complete
2023-06-16 09:43:30 INFO  SecurityConfig:33 - Configuration complete
2023-06-16 09:57:37 INFO  SecurityConfig:33 - Configuration complete
2023-06-16 10:02:16 INFO  SecurityConfig:33 - Configuration complete
2023-06-16 10:07:54 INFO  SecurityConfig:33 - Configuration complete
2023-06-16 10:21:53 INFO  SecurityConfig:33 - Configuration complete
2023-06-16 10:32:55 INFO  SecurityConfig:33 - Configuration complete
2023-06-16 10:48:19 INFO  SecurityConfig:33 - Configuration complete
2023-06-16 10:59:49 INFO  SecurityConfig:33 - Configuration complete
2023-06-16 11:38:08 INFO  SecurityConfig:33 - Configuration complete
2023-06-16 13:22:18 INFO  SecurityConfig:33 - Configuration complete
2023-06-16 13:24:00 INFO  SecurityConfig:33 - Configuration complete
2023-06-16 13:25:46 INFO  SecurityConfig:33 - Configuration complete
2023-06-16 13:27:08 INFO  SecurityConfig:33 - Configuration complete
2023-06-16 13:28:52 INFO  SecurityConfig:33 - Configuration complete
2023-06-16 13:31:53 INFO  SecurityConfig:33 - Configuration complete
2023-06-16 13:34:04 WARN  PageNotFound:215 - Request method 'PUT' not supported
2023-06-16 13:34:36 WARN  PageNotFound:215 - Request method 'PUT' not supported
2023-06-16 13:36:59 WARN  PageNotFound:215 - Request method 'PUT' not supported
2023-06-16 13:57:05 INFO  SecurityConfig:33 - Configuration complete
2023-06-16 13:59:11 WARN  SqlExceptionHelper:137 - SQL Error: 1062, SQLState: 23000
2023-06-16 13:59:11 ERROR SqlExceptionHelper:142 - Duplicate entry 'nike-shoes2' for key 'brandpojo.brand_category_unique'
2023-06-16 13:59:32 WARN  PageNotFound:215 - Request method 'PUT' not supported
2023-06-16 13:59:41 WARN  PageNotFound:215 - Request method 'PUT' not supported
2023-06-16 14:01:11 WARN  PageNotFound:215 - Request method 'PUT' not supported
2023-06-16 14:17:27 INFO  SecurityConfig:33 - Configuration complete
2023-06-16 14:25:03 INFO  SecurityConfig:33 - Configuration complete
2023-06-16 14:27:58 INFO  SecurityConfig:33 - Configuration complete
2023-06-16 14:41:24 INFO  SecurityConfig:33 - Configuration complete
2023-06-16 14:41:59 INFO  SecurityConfig:33 - Configuration complete
2023-06-16 14:43:42 INFO  SecurityConfig:33 - Configuration complete
2023-06-16 15:56:35 INFO  SecurityConfig:33 - Configuration complete
2023-06-19 08:17:34 WARN  AutowiredAnnotationBeanPostProcessor:440 - Autowired annotation is not supported on static fields: private static com.increff.pos.service.flow.ProductFlowService com.increff.pos.controller.ProductApiController.flowService
2023-06-19 08:17:36 INFO  SecurityConfig:33 - Configuration complete
2023-06-19 08:50:55 WARN  AutowiredAnnotationBeanPostProcessor:440 - Autowired annotation is not supported on static fields: private static com.increff.pos.service.flow.ProductFlowService com.increff.pos.controller.ProductApiController.flowService
2023-06-19 08:50:57 INFO  SecurityConfig:33 - Configuration complete
2023-06-19 09:06:32 WARN  AutowiredAnnotationBeanPostProcessor:440 - Autowired annotation is not supported on static fields: private static com.increff.pos.service.flow.ProductFlowService com.increff.pos.controller.ProductApiController.flowService
2023-06-19 09:06:34 INFO  SecurityConfig:33 - Configuration complete
2023-06-19 09:10:17 WARN  AutowiredAnnotationBeanPostProcessor:440 - Autowired annotation is not supported on static fields: private static com.increff.pos.service.flow.ProductFlowService com.increff.pos.controller.ProductApiController.flowService
2023-06-19 09:10:18 INFO  SecurityConfig:33 - Configuration complete
2023-06-19 09:11:09 INFO  SecurityConfig:80 - com.increff.pos.model.ProductForm@3d51521d
2023-06-19 09:14:58 INFO  SecurityConfig:80 - com.increff.pos.model.ProductForm@7973bc4a
2023-06-19 09:20:48 WARN  AutowiredAnnotationBeanPostProcessor:440 - Autowired annotation is not supported on static fields: private static com.increff.pos.service.flow.ProductFlowService com.increff.pos.controller.ProductApiController.flowService
2023-06-19 09:20:50 INFO  SecurityConfig:33 - Configuration complete
2023-06-19 09:21:37 INFO  SecurityConfig:80 - com.increff.pos.model.ProductForm@6b77544d
2023-06-19 09:24:38 WARN  AutowiredAnnotationBeanPostProcessor:440 - Autowired annotation is not supported on static fields: private static com.increff.pos.service.flow.ProductFlowService com.increff.pos.controller.ProductApiController.flowService
2023-06-19 09:24:40 INFO  SecurityConfig:33 - Configuration complete
2023-06-19 09:25:07 INFO  SecurityConfig:80 - com.increff.pos.model.ProductForm@28e7aef
2023-06-19 09:29:33 WARN  AutowiredAnnotationBeanPostProcessor:440 - Autowired annotation is not supported on static fields: private static com.increff.pos.service.flow.ProductFlowService com.increff.pos.controller.ProductApiController.flowService
2023-06-19 09:29:34 INFO  SecurityConfig:33 - Configuration complete
2023-06-19 09:33:07 INFO  SecurityConfig:33 - Configuration complete
2023-06-19 09:33:39 INFO  SecurityConfig:80 - com.increff.pos.model.ProductForm@394e2815
2023-06-19 09:33:50 INFO  SecurityConfig:80 - com.increff.pos.model.ProductForm@6cb2ac81
2023-06-19 09:39:02 INFO  SecurityConfig:33 - Configuration complete
2023-06-19 09:39:41 INFO  SecurityConfig:80 - com.increff.pos.model.ProductForm@99dc753
2023-06-19 09:39:42 INFO  SecurityConfig:19 - reebok,tshirts
2023-06-19 09:40:14 INFO  SecurityConfig:80 - com.increff.pos.model.ProductForm@581fbd92
2023-06-19 09:40:14 INFO  SecurityConfig:19 - nike,socks
2023-06-19 09:40:14 INFO  SecurityConfig:83 - brandCategoryId25
2023-06-19 09:40:14 INFO  SecurityConfig:33 - com.increff.pos.pojo.ProductPojo@40542720
2023-06-19 09:56:05 INFO  SecurityConfig:33 - Configuration complete
2023-06-19 09:59:20 INFO  SecurityConfig:33 - Configuration complete
2023-06-19 10:02:22 INFO  SecurityConfig:33 - Configuration complete
2023-06-19 10:11:22 INFO  SecurityConfig:33 - Configuration complete
2023-06-19 10:11:49 INFO  SecurityConfig:25 - 344
2023-06-19 10:13:29 INFO  SecurityConfig:33 - Configuration complete
2023-06-19 10:14:08 INFO  SecurityConfig:25 - in getBrand344
2023-06-19 10:15:33 INFO  SecurityConfig:25 - in getBrand344
2023-06-19 10:15:48 INFO  SecurityConfig:85 - com.increff.pos.model.ProductForm@7b8f54ce
2023-06-19 10:15:48 INFO  SecurityConfig:19 - nike,socks
2023-06-19 10:15:48 INFO  SecurityConfig:88 - brandCategoryId25
2023-06-19 10:15:48 INFO  SecurityConfig:33 - com.increff.pos.pojo.ProductPojo@6f35a8ad
2023-06-19 10:15:48 INFO  SecurityConfig:25 - in getBrand344
2023-06-19 10:16:33 INFO  SecurityConfig:25 - in getBrand25
2023-06-19 10:16:33 INFO  SecurityConfig:27 - 25socks
2023-06-19 10:16:33 INFO  SecurityConfig:73 - nike,socks
2023-06-19 10:16:33 INFO  SecurityConfig:25 - in getBrand25
2023-06-19 10:16:33 INFO  SecurityConfig:27 - 25socks
2023-06-19 10:16:33 INFO  SecurityConfig:73 - nike,socks
2023-06-19 10:18:38 INFO  SecurityConfig:85 - com.increff.pos.model.ProductForm@2ed24555
2023-06-19 10:18:38 INFO  SecurityConfig:19 - nike,socks
2023-06-19 10:18:38 INFO  SecurityConfig:88 - brandCategoryId25
2023-06-19 10:18:38 INFO  SecurityConfig:33 - com.increff.pos.pojo.ProductPojo@5edb933d
2023-06-19 10:18:38 INFO  SecurityConfig:25 - in getBrand25
2023-06-19 10:18:38 INFO  SecurityConfig:27 - 25socks
2023-06-19 10:18:38 INFO  SecurityConfig:73 - nike,socks
2023-06-19 10:18:38 INFO  SecurityConfig:25 - in getBrand25
2023-06-19 10:18:38 INFO  SecurityConfig:27 - 25socks
2023-06-19 10:18:38 INFO  SecurityConfig:73 - nike,socks
2023-06-19 10:18:38 INFO  SecurityConfig:25 - in getBrand25
2023-06-19 10:18:38 INFO  SecurityConfig:27 - 25socks
2023-06-19 10:18:38 INFO  SecurityConfig:73 - nike,socks
2023-06-19 10:37:29 INFO  SecurityConfig:85 - com.increff.pos.model.ProductForm@11c2a89
2023-06-19 10:37:29 INFO  SecurityConfig:19 - nike,socks
2023-06-19 10:37:29 INFO  SecurityConfig:88 - brandCategoryId25
2023-06-19 10:37:29 INFO  SecurityConfig:33 - com.increff.pos.pojo.ProductPojo@78514ab
2023-06-19 10:37:29 INFO  SecurityConfig:25 - in getBrand25
2023-06-19 10:37:29 INFO  SecurityConfig:27 - 25socks
2023-06-19 10:37:29 INFO  SecurityConfig:73 - nike,socks
2023-06-19 10:37:35 INFO  SecurityConfig:85 - com.increff.pos.model.ProductForm@54926a2d
2023-06-19 10:37:35 INFO  SecurityConfig:19 - nike,socks
2023-06-19 10:37:35 INFO  SecurityConfig:88 - brandCategoryId25
2023-06-19 10:37:35 INFO  SecurityConfig:33 - com.increff.pos.pojo.ProductPojo@275fc3f0
2023-06-19 10:37:35 INFO  SecurityConfig:25 - in getBrand25
2023-06-19 10:37:35 INFO  SecurityConfig:27 - 25socks
2023-06-19 10:37:35 INFO  SecurityConfig:73 - nike,socks
2023-06-19 10:37:35 INFO  SecurityConfig:25 - in getBrand25
2023-06-19 10:37:35 INFO  SecurityConfig:27 - 25socks
2023-06-19 10:37:35 INFO  SecurityConfig:73 - nike,socks
2023-06-19 10:37:39 INFO  SecurityConfig:25 - in getBrand25
2023-06-19 10:37:39 INFO  SecurityConfig:27 - 25socks
2023-06-19 10:37:39 INFO  SecurityConfig:73 - nike,socks
2023-06-19 10:49:50 WARN  AnnotationConfigWebApplicationContext:550 - Exception encountered during context initialization - cancelling refresh attempt: org.springframework.beans.factory.UnsatisfiedDependencyException: Error creating bean with name 'productApiController': Unsatisfied dependency expressed through field 'dto'; nested exception is org.springframework.beans.factory.NoSuchBeanDefinitionException: No qualifying bean of type 'com.increff.pos.dto.ProductDto' available: expected at least 1 bean which qualifies as autowire candidate. Dependency annotations: {@org.springframework.beans.factory.annotation.Autowired(required=true)}
2023-06-19 10:49:50 ERROR DispatcherServlet:502 - Context initialization failed
org.springframework.beans.factory.UnsatisfiedDependencyException: Error creating bean with name 'productApiController': Unsatisfied dependency expressed through field 'dto'; nested exception is org.springframework.beans.factory.NoSuchBeanDefinitionException: No qualifying bean of type 'com.increff.pos.dto.ProductDto' available: expected at least 1 bean which qualifies as autowire candidate. Dependency annotations: {@org.springframework.beans.factory.annotation.Autowired(required=true)}
	at org.springframework.beans.factory.annotation.AutowiredAnnotationBeanPostProcessor$AutowiredFieldElement.inject(AutowiredAnnotationBeanPostProcessor.java:588)
	at org.springframework.beans.factory.annotation.InjectionMetadata.inject(InjectionMetadata.java:88)
	at org.springframework.beans.factory.annotation.AutowiredAnnotationBeanPostProcessor.postProcessPropertyValues(AutowiredAnnotationBeanPostProcessor.java:366)
	at org.springframework.beans.factory.support.AbstractAutowireCapableBeanFactory.populateBean(AbstractAutowireCapableBeanFactory.java:1264)
	at org.springframework.beans.factory.support.AbstractAutowireCapableBeanFactory.doCreateBean(AbstractAutowireCapableBeanFactory.java:553)
	at org.springframework.beans.factory.support.AbstractAutowireCapableBeanFactory.createBean(AbstractAutowireCapableBeanFactory.java:483)
	at org.springframework.beans.factory.support.AbstractBeanFactory$1.getObject(AbstractBeanFactory.java:306)
	at org.springframework.beans.factory.support.DefaultSingletonBeanRegistry.getSingleton(DefaultSingletonBeanRegistry.java:230)
	at org.springframework.beans.factory.support.AbstractBeanFactory.doGetBean(AbstractBeanFactory.java:302)
	at org.springframework.beans.factory.support.AbstractBeanFactory.getBean(AbstractBeanFactory.java:197)
	at org.springframework.beans.factory.support.DefaultListableBeanFactory.preInstantiateSingletons(DefaultListableBeanFactory.java:761)
	at org.springframework.context.support.AbstractApplicationContext.finishBeanFactoryInitialization(AbstractApplicationContext.java:866)
	at org.springframework.context.support.AbstractApplicationContext.refresh(AbstractApplicationContext.java:542)
	at org.springframework.web.servlet.FrameworkServlet.configureAndRefreshWebApplicationContext(FrameworkServlet.java:668)
	at org.springframework.web.servlet.FrameworkServlet.initWebApplicationContext(FrameworkServlet.java:540)
	at org.springframework.web.servlet.FrameworkServlet.initServletBean(FrameworkServlet.java:494)
	at org.springframework.web.servlet.HttpServletBean.init(HttpServletBean.java:136)
	at javax.servlet.GenericServlet.init(GenericServlet.java:244)
	at org.eclipse.jetty.servlet.ServletHolder.initServlet(ServletHolder.java:599)
	at org.eclipse.jetty.servlet.ServletHolder.initialize(ServletHolder.java:425)
	at org.eclipse.jetty.servlet.ServletHandler.lambda$initialize$0(ServletHandler.java:751)
	at java.util.stream.SortedOps$SizedRefSortingSink.end(SortedOps.java:352)
	at java.util.stream.AbstractPipeline.copyInto(AbstractPipeline.java:483)
	at java.util.stream.AbstractPipeline.wrapAndCopyInto(AbstractPipeline.java:472)
	at java.util.stream.StreamSpliterators$WrappingSpliterator.forEachRemaining(StreamSpliterators.java:312)
	at java.util.stream.Streams$ConcatSpliterator.forEachRemaining(Streams.java:743)
	at java.util.stream.Streams$ConcatSpliterator.forEachRemaining(Streams.java:742)
	at java.util.stream.ReferencePipeline$Head.forEach(ReferencePipeline.java:580)
	at org.eclipse.jetty.servlet.ServletHandler.initialize(ServletHandler.java:744)
	at org.eclipse.jetty.servlet.ServletContextHandler.startContext(ServletContextHandler.java:361)
	at org.eclipse.jetty.webapp.WebAppContext.startWebapp(WebAppContext.java:1443)
	at org.eclipse.jetty.maven.plugin.JettyWebAppContext.startWebapp(JettyWebAppContext.java:328)
	at org.eclipse.jetty.webapp.WebAppContext.startContext(WebAppContext.java:1407)
	at org.eclipse.jetty.server.handler.ContextHandler.doStart(ContextHandler.java:821)
	at org.eclipse.jetty.servlet.ServletContextHandler.doStart(ServletContextHandler.java:276)
	at org.eclipse.jetty.webapp.WebAppContext.doStart(WebAppContext.java:524)
	at org.eclipse.jetty.maven.plugin.JettyWebAppContext.doStart(JettyWebAppContext.java:397)
	at org.eclipse.jetty.util.component.AbstractLifeCycle.start(AbstractLifeCycle.java:72)
	at org.eclipse.jetty.util.component.ContainerLifeCycle.start(ContainerLifeCycle.java:169)
	at org.eclipse.jetty.util.component.ContainerLifeCycle.doStart(ContainerLifeCycle.java:117)
	at org.eclipse.jetty.server.handler.AbstractHandler.doStart(AbstractHandler.java:106)
	at org.eclipse.jetty.util.component.AbstractLifeCycle.start(AbstractLifeCycle.java:72)
	at org.eclipse.jetty.util.component.ContainerLifeCycle.start(ContainerLifeCycle.java:169)
	at org.eclipse.jetty.util.component.ContainerLifeCycle.doStart(ContainerLifeCycle.java:117)
	at org.eclipse.jetty.server.handler.AbstractHandler.doStart(AbstractHandler.java:106)
	at org.eclipse.jetty.util.component.AbstractLifeCycle.start(AbstractLifeCycle.java:72)
	at org.eclipse.jetty.util.component.ContainerLifeCycle.start(ContainerLifeCycle.java:169)
	at org.eclipse.jetty.server.Server.start(Server.java:407)
	at org.eclipse.jetty.util.component.ContainerLifeCycle.doStart(ContainerLifeCycle.java:110)
	at org.eclipse.jetty.server.handler.AbstractHandler.doStart(AbstractHandler.java:106)
	at org.eclipse.jetty.server.Server.doStart(Server.java:371)
	at org.eclipse.jetty.util.component.AbstractLifeCycle.start(AbstractLifeCycle.java:72)
	at org.eclipse.jetty.maven.plugin.AbstractJettyMojo.startJetty(AbstractJettyMojo.java:449)
	at org.eclipse.jetty.maven.plugin.AbstractJettyMojo.execute(AbstractJettyMojo.java:310)
	at org.eclipse.jetty.maven.plugin.JettyRunMojo.execute(JettyRunMojo.java:155)
	at org.apache.maven.plugin.DefaultBuildPluginManager.executeMojo(DefaultBuildPluginManager.java:126)
	at org.apache.maven.lifecycle.internal.MojoExecutor.doExecute2(MojoExecutor.java:342)
	at org.apache.maven.lifecycle.internal.MojoExecutor.doExecute(MojoExecutor.java:330)
	at org.apache.maven.lifecycle.internal.MojoExecutor.execute(MojoExecutor.java:213)
	at org.apache.maven.lifecycle.internal.MojoExecutor.execute(MojoExecutor.java:175)
	at org.apache.maven.lifecycle.internal.MojoExecutor.access$000(MojoExecutor.java:76)
	at org.apache.maven.lifecycle.internal.MojoExecutor$1.run(MojoExecutor.java:163)
	at org.apache.maven.plugin.DefaultMojosExecutionStrategy.execute(DefaultMojosExecutionStrategy.java:39)
	at org.apache.maven.lifecycle.internal.MojoExecutor.execute(MojoExecutor.java:160)
	at org.apache.maven.lifecycle.internal.LifecycleModuleBuilder.buildProject(LifecycleModuleBuilder.java:105)
	at org.apache.maven.lifecycle.internal.LifecycleModuleBuilder.buildProject(LifecycleModuleBuilder.java:73)
	at org.apache.maven.lifecycle.internal.builder.singlethreaded.SingleThreadedBuilder.build(SingleThreadedBuilder.java:53)
	at org.apache.maven.lifecycle.internal.LifecycleStarter.execute(LifecycleStarter.java:118)
	at org.apache.maven.DefaultMaven.doExecute(DefaultMaven.java:261)
	at org.apache.maven.DefaultMaven.doExecute(DefaultMaven.java:173)
	at org.apache.maven.DefaultMaven.execute(DefaultMaven.java:101)
	at org.apache.maven.cli.MavenCli.execute(MavenCli.java:910)
	at org.apache.maven.cli.MavenCli.doMain(MavenCli.java:283)
	at org.apache.maven.cli.MavenCli.main(MavenCli.java:206)
	at sun.reflect.NativeMethodAccessorImpl.invoke0(Native Method)
	at sun.reflect.NativeMethodAccessorImpl.invoke(NativeMethodAccessorImpl.java:62)
	at sun.reflect.DelegatingMethodAccessorImpl.invoke(DelegatingMethodAccessorImpl.java:43)
	at java.lang.reflect.Method.invoke(Method.java:498)
	at org.codehaus.plexus.classworlds.launcher.Launcher.launchEnhanced(Launcher.java:283)
	at org.codehaus.plexus.classworlds.launcher.Launcher.launch(Launcher.java:226)
	at org.codehaus.plexus.classworlds.launcher.Launcher.mainWithExitCode(Launcher.java:407)
	at org.codehaus.plexus.classworlds.launcher.Launcher.main(Launcher.java:348)
Caused by: org.springframework.beans.factory.NoSuchBeanDefinitionException: No qualifying bean of type 'com.increff.pos.dto.ProductDto' available: expected at least 1 bean which qualifies as autowire candidate. Dependency annotations: {@org.springframework.beans.factory.annotation.Autowired(required=true)}
	at org.springframework.beans.factory.support.DefaultListableBeanFactory.raiseNoMatchingBeanFound(DefaultListableBeanFactory.java:1486)
	at org.springframework.beans.factory.support.DefaultListableBeanFactory.doResolveDependency(DefaultListableBeanFactory.java:1104)
	at org.springframework.beans.factory.support.DefaultListableBeanFactory.resolveDependency(DefaultListableBeanFactory.java:1066)
	at org.springframework.beans.factory.annotation.AutowiredAnnotationBeanPostProcessor$AutowiredFieldElement.inject(AutowiredAnnotationBeanPostProcessor.java:585)
	... 81 more
2023-06-19 10:50:47 WARN  AnnotationConfigWebApplicationContext:550 - Exception encountered during context initialization - cancelling refresh attempt: org.springframework.beans.factory.UnsatisfiedDependencyException: Error creating bean with name 'productApiController': Unsatisfied dependency expressed through field 'dto'; nested exception is org.springframework.beans.factory.UnsatisfiedDependencyException: Error creating bean with name 'productDto': Unsatisfied dependency expressed through field 'helper'; nested exception is org.springframework.beans.factory.NoSuchBeanDefinitionException: No qualifying bean of type 'com.increff.pos.dto.helper.ProductDtoHelper' available: expected at least 1 bean which qualifies as autowire candidate. Dependency annotations: {@org.springframework.beans.factory.annotation.Autowired(required=true)}
2023-06-19 10:50:47 ERROR DispatcherServlet:502 - Context initialization failed
org.springframework.beans.factory.UnsatisfiedDependencyException: Error creating bean with name 'productApiController': Unsatisfied dependency expressed through field 'dto'; nested exception is org.springframework.beans.factory.UnsatisfiedDependencyException: Error creating bean with name 'productDto': Unsatisfied dependency expressed through field 'helper'; nested exception is org.springframework.beans.factory.NoSuchBeanDefinitionException: No qualifying bean of type 'com.increff.pos.dto.helper.ProductDtoHelper' available: expected at least 1 bean which qualifies as autowire candidate. Dependency annotations: {@org.springframework.beans.factory.annotation.Autowired(required=true)}
	at org.springframework.beans.factory.annotation.AutowiredAnnotationBeanPostProcessor$AutowiredFieldElement.inject(AutowiredAnnotationBeanPostProcessor.java:588)
	at org.springframework.beans.factory.annotation.InjectionMetadata.inject(InjectionMetadata.java:88)
	at org.springframework.beans.factory.annotation.AutowiredAnnotationBeanPostProcessor.postProcessPropertyValues(AutowiredAnnotationBeanPostProcessor.java:366)
	at org.springframework.beans.factory.support.AbstractAutowireCapableBeanFactory.populateBean(AbstractAutowireCapableBeanFactory.java:1264)
	at org.springframework.beans.factory.support.AbstractAutowireCapableBeanFactory.doCreateBean(AbstractAutowireCapableBeanFactory.java:553)
	at org.springframework.beans.factory.support.AbstractAutowireCapableBeanFactory.createBean(AbstractAutowireCapableBeanFactory.java:483)
	at org.springframework.beans.factory.support.AbstractBeanFactory$1.getObject(AbstractBeanFactory.java:306)
	at org.springframework.beans.factory.support.DefaultSingletonBeanRegistry.getSingleton(DefaultSingletonBeanRegistry.java:230)
	at org.springframework.beans.factory.support.AbstractBeanFactory.doGetBean(AbstractBeanFactory.java:302)
	at org.springframework.beans.factory.support.AbstractBeanFactory.getBean(AbstractBeanFactory.java:197)
	at org.springframework.beans.factory.support.DefaultListableBeanFactory.preInstantiateSingletons(DefaultListableBeanFactory.java:761)
	at org.springframework.context.support.AbstractApplicationContext.finishBeanFactoryInitialization(AbstractApplicationContext.java:866)
	at org.springframework.context.support.AbstractApplicationContext.refresh(AbstractApplicationContext.java:542)
	at org.springframework.web.servlet.FrameworkServlet.configureAndRefreshWebApplicationContext(FrameworkServlet.java:668)
	at org.springframework.web.servlet.FrameworkServlet.initWebApplicationContext(FrameworkServlet.java:540)
	at org.springframework.web.servlet.FrameworkServlet.initServletBean(FrameworkServlet.java:494)
	at org.springframework.web.servlet.HttpServletBean.init(HttpServletBean.java:136)
	at javax.servlet.GenericServlet.init(GenericServlet.java:244)
	at org.eclipse.jetty.servlet.ServletHolder.initServlet(ServletHolder.java:599)
	at org.eclipse.jetty.servlet.ServletHolder.initialize(ServletHolder.java:425)
	at org.eclipse.jetty.servlet.ServletHandler.lambda$initialize$0(ServletHandler.java:751)
	at java.util.stream.SortedOps$SizedRefSortingSink.end(SortedOps.java:352)
	at java.util.stream.AbstractPipeline.copyInto(AbstractPipeline.java:483)
	at java.util.stream.AbstractPipeline.wrapAndCopyInto(AbstractPipeline.java:472)
	at java.util.stream.StreamSpliterators$WrappingSpliterator.forEachRemaining(StreamSpliterators.java:312)
	at java.util.stream.Streams$ConcatSpliterator.forEachRemaining(Streams.java:743)
	at java.util.stream.Streams$ConcatSpliterator.forEachRemaining(Streams.java:742)
	at java.util.stream.ReferencePipeline$Head.forEach(ReferencePipeline.java:580)
	at org.eclipse.jetty.servlet.ServletHandler.initialize(ServletHandler.java:744)
	at org.eclipse.jetty.servlet.ServletContextHandler.startContext(ServletContextHandler.java:361)
	at org.eclipse.jetty.webapp.WebAppContext.startWebapp(WebAppContext.java:1443)
	at org.eclipse.jetty.maven.plugin.JettyWebAppContext.startWebapp(JettyWebAppContext.java:328)
	at org.eclipse.jetty.webapp.WebAppContext.startContext(WebAppContext.java:1407)
	at org.eclipse.jetty.server.handler.ContextHandler.doStart(ContextHandler.java:821)
	at org.eclipse.jetty.servlet.ServletContextHandler.doStart(ServletContextHandler.java:276)
	at org.eclipse.jetty.webapp.WebAppContext.doStart(WebAppContext.java:524)
	at org.eclipse.jetty.maven.plugin.JettyWebAppContext.doStart(JettyWebAppContext.java:397)
	at org.eclipse.jetty.util.component.AbstractLifeCycle.start(AbstractLifeCycle.java:72)
	at org.eclipse.jetty.util.component.ContainerLifeCycle.start(ContainerLifeCycle.java:169)
	at org.eclipse.jetty.util.component.ContainerLifeCycle.doStart(ContainerLifeCycle.java:117)
	at org.eclipse.jetty.server.handler.AbstractHandler.doStart(AbstractHandler.java:106)
	at org.eclipse.jetty.util.component.AbstractLifeCycle.start(AbstractLifeCycle.java:72)
	at org.eclipse.jetty.util.component.ContainerLifeCycle.start(ContainerLifeCycle.java:169)
	at org.eclipse.jetty.util.component.ContainerLifeCycle.doStart(ContainerLifeCycle.java:117)
	at org.eclipse.jetty.server.handler.AbstractHandler.doStart(AbstractHandler.java:106)
	at org.eclipse.jetty.util.component.AbstractLifeCycle.start(AbstractLifeCycle.java:72)
	at org.eclipse.jetty.util.component.ContainerLifeCycle.start(ContainerLifeCycle.java:169)
	at org.eclipse.jetty.server.Server.start(Server.java:407)
	at org.eclipse.jetty.util.component.ContainerLifeCycle.doStart(ContainerLifeCycle.java:110)
	at org.eclipse.jetty.server.handler.AbstractHandler.doStart(AbstractHandler.java:106)
	at org.eclipse.jetty.server.Server.doStart(Server.java:371)
	at org.eclipse.jetty.util.component.AbstractLifeCycle.start(AbstractLifeCycle.java:72)
	at org.eclipse.jetty.maven.plugin.AbstractJettyMojo.startJetty(AbstractJettyMojo.java:449)
	at org.eclipse.jetty.maven.plugin.AbstractJettyMojo.execute(AbstractJettyMojo.java:310)
	at org.eclipse.jetty.maven.plugin.JettyRunMojo.execute(JettyRunMojo.java:155)
	at org.apache.maven.plugin.DefaultBuildPluginManager.executeMojo(DefaultBuildPluginManager.java:126)
	at org.apache.maven.lifecycle.internal.MojoExecutor.doExecute2(MojoExecutor.java:342)
	at org.apache.maven.lifecycle.internal.MojoExecutor.doExecute(MojoExecutor.java:330)
	at org.apache.maven.lifecycle.internal.MojoExecutor.execute(MojoExecutor.java:213)
	at org.apache.maven.lifecycle.internal.MojoExecutor.execute(MojoExecutor.java:175)
	at org.apache.maven.lifecycle.internal.MojoExecutor.access$000(MojoExecutor.java:76)
	at org.apache.maven.lifecycle.internal.MojoExecutor$1.run(MojoExecutor.java:163)
	at org.apache.maven.plugin.DefaultMojosExecutionStrategy.execute(DefaultMojosExecutionStrategy.java:39)
	at org.apache.maven.lifecycle.internal.MojoExecutor.execute(MojoExecutor.java:160)
	at org.apache.maven.lifecycle.internal.LifecycleModuleBuilder.buildProject(LifecycleModuleBuilder.java:105)
	at org.apache.maven.lifecycle.internal.LifecycleModuleBuilder.buildProject(LifecycleModuleBuilder.java:73)
	at org.apache.maven.lifecycle.internal.builder.singlethreaded.SingleThreadedBuilder.build(SingleThreadedBuilder.java:53)
	at org.apache.maven.lifecycle.internal.LifecycleStarter.execute(LifecycleStarter.java:118)
	at org.apache.maven.DefaultMaven.doExecute(DefaultMaven.java:261)
	at org.apache.maven.DefaultMaven.doExecute(DefaultMaven.java:173)
	at org.apache.maven.DefaultMaven.execute(DefaultMaven.java:101)
	at org.apache.maven.cli.MavenCli.execute(MavenCli.java:910)
	at org.apache.maven.cli.MavenCli.doMain(MavenCli.java:283)
	at org.apache.maven.cli.MavenCli.main(MavenCli.java:206)
	at sun.reflect.NativeMethodAccessorImpl.invoke0(Native Method)
	at sun.reflect.NativeMethodAccessorImpl.invoke(NativeMethodAccessorImpl.java:62)
	at sun.reflect.DelegatingMethodAccessorImpl.invoke(DelegatingMethodAccessorImpl.java:43)
	at java.lang.reflect.Method.invoke(Method.java:498)
	at org.codehaus.plexus.classworlds.launcher.Launcher.launchEnhanced(Launcher.java:283)
	at org.codehaus.plexus.classworlds.launcher.Launcher.launch(Launcher.java:226)
	at org.codehaus.plexus.classworlds.launcher.Launcher.mainWithExitCode(Launcher.java:407)
	at org.codehaus.plexus.classworlds.launcher.Launcher.main(Launcher.java:348)
Caused by: org.springframework.beans.factory.UnsatisfiedDependencyException: Error creating bean with name 'productDto': Unsatisfied dependency expressed through field 'helper'; nested exception is org.springframework.beans.factory.NoSuchBeanDefinitionException: No qualifying bean of type 'com.increff.pos.dto.helper.ProductDtoHelper' available: expected at least 1 bean which qualifies as autowire candidate. Dependency annotations: {@org.springframework.beans.factory.annotation.Autowired(required=true)}
	at org.springframework.beans.factory.annotation.AutowiredAnnotationBeanPostProcessor$AutowiredFieldElement.inject(AutowiredAnnotationBeanPostProcessor.java:588)
	at org.springframework.beans.factory.annotation.InjectionMetadata.inject(InjectionMetadata.java:88)
	at org.springframework.beans.factory.annotation.AutowiredAnnotationBeanPostProcessor.postProcessPropertyValues(AutowiredAnnotationBeanPostProcessor.java:366)
	at org.springframework.beans.factory.support.AbstractAutowireCapableBeanFactory.populateBean(AbstractAutowireCapableBeanFactory.java:1264)
	at org.springframework.beans.factory.support.AbstractAutowireCapableBeanFactory.doCreateBean(AbstractAutowireCapableBeanFactory.java:553)
	at org.springframework.beans.factory.support.AbstractAutowireCapableBeanFactory.createBean(AbstractAutowireCapableBeanFactory.java:483)
	at org.springframework.beans.factory.support.AbstractBeanFactory$1.getObject(AbstractBeanFactory.java:306)
	at org.springframework.beans.factory.support.DefaultSingletonBeanRegistry.getSingleton(DefaultSingletonBeanRegistry.java:230)
	at org.springframework.beans.factory.support.AbstractBeanFactory.doGetBean(AbstractBeanFactory.java:302)
	at org.springframework.beans.factory.support.AbstractBeanFactory.getBean(AbstractBeanFactory.java:202)
	at org.springframework.beans.factory.config.DependencyDescriptor.resolveCandidate(DependencyDescriptor.java:208)
	at org.springframework.beans.factory.support.DefaultListableBeanFactory.doResolveDependency(DefaultListableBeanFactory.java:1138)
	at org.springframework.beans.factory.support.DefaultListableBeanFactory.resolveDependency(DefaultListableBeanFactory.java:1066)
	at org.springframework.beans.factory.annotation.AutowiredAnnotationBeanPostProcessor$AutowiredFieldElement.inject(AutowiredAnnotationBeanPostProcessor.java:585)
	... 81 more
Caused by: org.springframework.beans.factory.NoSuchBeanDefinitionException: No qualifying bean of type 'com.increff.pos.dto.helper.ProductDtoHelper' available: expected at least 1 bean which qualifies as autowire candidate. Dependency annotations: {@org.springframework.beans.factory.annotation.Autowired(required=true)}
	at org.springframework.beans.factory.support.DefaultListableBeanFactory.raiseNoMatchingBeanFound(DefaultListableBeanFactory.java:1486)
	at org.springframework.beans.factory.support.DefaultListableBeanFactory.doResolveDependency(DefaultListableBeanFactory.java:1104)
	at org.springframework.beans.factory.support.DefaultListableBeanFactory.resolveDependency(DefaultListableBeanFactory.java:1066)
	at org.springframework.beans.factory.annotation.AutowiredAnnotationBeanPostProcessor$AutowiredFieldElement.inject(AutowiredAnnotationBeanPostProcessor.java:585)
	... 94 more
2023-06-19 10:51:48 INFO  SecurityConfig:33 - Configuration complete
2023-06-19 10:57:46 INFO  SecurityConfig:33 - Configuration complete
2023-06-19 11:06:53 INFO  SecurityConfig:33 - Configuration complete
2023-06-19 11:22:40 INFO  SecurityConfig:33 - Configuration complete
2023-06-19 11:32:14 INFO  SecurityConfig:33 - Configuration complete
2023-06-19 11:43:19 INFO  SecurityConfig:33 - Configuration complete
2023-06-19 12:16:22 WARN  SqlExceptionHelper:137 - SQL Error: 1062, SQLState: 23000
2023-06-19 12:16:22 ERROR SqlExceptionHelper:142 - Duplicate entry 'nike-socks' for key 'brandpojo.brand_category_unique'
2023-06-19 12:16:55 WARN  SqlExceptionHelper:137 - SQL Error: 1062, SQLState: 23000
2023-06-19 12:16:55 ERROR SqlExceptionHelper:142 - Duplicate entry 'nike-shoes2' for key 'brandpojo.brand_category_unique'
2023-06-19 12:16:55 ERROR ExceptionMapperStandardImpl:39 - HHH000346: Error during managed flush [org.hibernate.exception.ConstraintViolationException: could not execute statement]
2023-06-19 13:36:57 INFO  SecurityConfig:33 - Configuration complete
2023-06-19 13:44:51 INFO  SecurityConfig:33 - Configuration complete
2023-06-19 13:50:35 INFO  SecurityConfig:33 - Configuration complete
2023-06-19 13:51:40 WARN  DefaultHandlerExceptionResolver:384 - Failed to read HTTP message: org.springframework.http.converter.HttpMessageNotReadableException: Could not read document: Cannot deserialize value of type `java.lang.Double` from String "hjk": not a valid Double value
 at [Source: (PushbackInputStream); line: 1, column: 83] (through reference chain: com.increff.pos.model.ProductForm["mrp"]); nested exception is com.fasterxml.jackson.databind.exc.InvalidFormatException: Cannot deserialize value of type `java.lang.Double` from String "hjk": not a valid Double value
 at [Source: (PushbackInputStream); line: 1, column: 83] (through reference chain: com.increff.pos.model.ProductForm["mrp"])
